#
# A fatal error has been detected by the Java Runtime Environment:
#
#  SIGSEGV (0xb) at pc=0x00007f0d64e93fe8, pid=4728, tid=139695300773632
#
# JRE version: OpenJDK Runtime Environment (7.0_79-b14) (build 1.7.0_79-b14)
# Java VM: OpenJDK 64-Bit Server VM (24.79-b02 mixed mode linux-amd64 compressed oops)
# Derivative: IcedTea 2.5.5
# Distribution: Ubuntu 14.10, package 7u79-2.5.5-0ubuntu0.14.10.2
# Problematic frame:
# V  [libjvm.so+0x660fe8]  JNIHandles::checked_resolve_jmethod_id(_jmethodID*)+0x18
#
# Failed to write core dump. Core dumps have been disabled. To enable core dumping, try "ulimit -c unlimited" before starting Java again
#
# If you would like to submit a bug report, please include
# instructions on how to reproduce the bug and visit:
#   http://icedtea.classpath.org/bugzilla
#

---------------  T H R E A D  ---------------

Current thread (0x00007f0d600b8000):  JavaThread "JDWP Transport Listener: dt_socket" daemon [_thread_in_vm, id=4747, stack(0x00007f0d58b78000,0x00007f0d58c79000)]

siginfo:si_signo=SIGSEGV: si_errno=0, si_code=1 (SEGV_MAPERR), si_addr=0x0000000000000001

Registers:
RAX=0xfefefefefefefefe, RBX=0x00007f0d60005260, RCX=0x00007f0d65aa3320, RDX=0x0000000000000001
RSP=0x00007f0d58c779b0, RBP=0x00007f0d58c779c0, RSI=0x00007f0d600b8000, RDI=0x0000000000000001
R8 =0x0000000000000000, R9 =0x00007f0d300064a0, R10=0x000000000000003e, R11=0x00007f0d65e23b20
R12=0x00007f0d58c77aaf, R13=0x0000000000000001, R14=0x00007f0d600b8000, R15=0x00007f0d58c779e0
RIP=0x00007f0d64e93fe8, EFLAGS=0x0000000000010202, CSGSFS=0x0000000000000033, ERR=0x0000000000000004
  TRAPNO=0x000000000000000e

Top of Stack: (sp=0x00007f0d58c779b0)
0x00007f0d58c779b0:   00007f0d58c77aaf 00007f0d60005260
0x00007f0d58c779c0:   00007f0d58c77a40 00007f0d64e88172
0x00007f0d58c779d0:   0000000000000000 00007f0d60005260
0x00007f0d58c779e0:   00007f0d600b8000 0000000000000000
0x00007f0d58c779f0:   00007f0d00000000 0000000000000000
0x00007f0d58c77a00:   00007f0d600b8000 e36d7c3a7d522800
0x00007f0d58c77a10:   00007f0d58c77a50 00007f0d58c77aaf
0x00007f0d58c77a20:   00007f0d5f9b5040 0000000000000001
0x00007f0d58c77a30:   00007f0d58c77aaf 00007f0d58c77ab4
0x00007f0d58c77a40:   00007f0d58c77a70 00007f0d5f7a02c9
0x00007f0d58c77a50:   00007f0d58c77a70 0000000000000006
0x00007f0d58c77a60:   00007f0d58c77b80 0000000000000001
0x00007f0d58c77a70:   00007f0d58c77b10 00007f0d5f7808c0
0x00007f0d58c77a80:   00007f0d300030d0 00007f0d58c77ac8
0x00007f0d58c77a90:   00007f0d58c77ad0 0000000130007510
0x00007f0d58c77aa0:   00007f0d58c77ad0 00007f0d5f785ad9
0x00007f0d58c77ab0:   0000000a00000007 00007f0d300063b0
0x00007f0d58c77ac0:   0000000000000000 0000000000000000
0x00007f0d58c77ad0:   0000000000000000 e36d7c3a7d522800
0x00007f0d58c77ae0:   00007f0d58c77b80 0000000000000002
0x00007f0d58c77af0:   00007f0d58c77b50 000000000000000f
0x00007f0d58c77b00:   00007f0d58c77b80 00007f0d5f9b5040
0x00007f0d58c77b10:   00007f0d58c77d40 00007f0d5f78aae8
0x00007f0d58c77b20:   00007f0d65652208 00007f0d000f0200
0x00007f0d58c77b30:   0000063900000013 00007f0d580f0200
0x00007f0d58c77b40:   00007f0d28000ba0 00007f0d58c77b70
0x00007f0d58c77b50:   00007f0d28000ba8 000000000000000b
0x00007f0d58c77b60:   0000063900000013 00007f0d580f0200
0x00007f0d58c77b70:   00007f0d28000ba0 00007f0d300073c0
0x00007f0d58c77b80:   00007f0d30006609 00007f0d0000013f
0x00007f0d58c77b90:   00007f0d30006330 000000020000012c
0x00007f0d58c77ba0:   00007f0d58c77bd0 00007f0d30006330 

Instructions: (pc=0x00007f0d64e93fe8)
0x00007f0d64e93fc8:   0f 1f 84 00 00 00 00 00 48 85 ff 74 7b 55 48 b8
0x00007f0d64e93fd8:   fe fe fe fe fe fe fe fe 48 89 e5 53 48 83 ec 08
0x00007f0d64e93fe8:   48 8b 1f 48 39 c3 74 38 48 85 db 74 33 48 8d 05
0x00007f0d64e93ff8:   50 95 7b 00 80 38 00 75 37 48 8b 43 08 48 8d 78 

Register to memory mapping:

RAX=0xfefefefefefefefe is an unknown value
RBX=0x00007f0d60005260 is an unknown value
RCX=0x00007f0d65aa3320: <offset 0x219320> in /lib/x86_64-linux-gnu/libpthread.so.0 at 0x00007f0d6588a000
RDX=0x0000000000000001 is an unknown value
RSP=0x00007f0d58c779b0 is pointing into the stack for thread: 0x00007f0d600b8000
RBP=0x00007f0d58c779c0 is pointing into the stack for thread: 0x00007f0d600b8000
RSI=0x00007f0d600b8000 is a thread
RDI=0x0000000000000001 is an unknown value
R8 =0x0000000000000000 is an unknown value
R9 =0x00007f0d300064a0 is an unknown value
R10=0x000000000000003e is an unknown value
R11=0x00007f0d65e23b20: <offset 0x177b20> in /lib/x86_64-linux-gnu/libc.so.6 at 0x00007f0d65cac000
R12=0x00007f0d58c77aaf is pointing into the stack for thread: 0x00007f0d600b8000
R13=0x0000000000000001 is an unknown value
R14=0x00007f0d600b8000 is a thread
R15=0x00007f0d58c779e0 is pointing into the stack for thread: 0x00007f0d600b8000


Stack: [0x00007f0d58b78000,0x00007f0d58c79000],  sp=0x00007f0d58c779b0,  free space=1022k
Native frames: (J=compiled Java code, j=interpreted, Vv=VM code, C=native code)
V  [libjvm.so+0x660fe8]  JNIHandles::checked_resolve_jmethod_id(_jmethodID*)+0x18
V  [libjvm.so+0x655172]  jvmti_IsMethodSynthetic+0x222
C  [libjdwp.so+0x272c9]
C  [libjdwp.so+0x78c0]
C  [libjdwp.so+0x11ae8]
C  [libjdwp.so+0x23f35]
V  [libjvm.so+0x6c7a01]  JvmtiAgentThread::start_function_wrapper(JavaThread*, Thread*)+0xa1
V  [libjvm.so+0x92fe98]  JavaThread::thread_main_inner()+0x118
V  [libjvm.so+0x930121]  JavaThread::run()+0x231
V  [libjvm.so+0x7f1912]  java_start(Thread*)+0xf2


---------------  P R O C E S S  ---------------

Java Threads: ( => current thread )
  0x00007f0d600c3800 JavaThread "Service Thread" daemon [_thread_blocked, id=4757, stack(0x00007f0d58673000,0x00007f0d58774000)]
  0x00007f0d600c1000 JavaThread "C2 CompilerThread1" daemon [_thread_blocked, id=4756, stack(0x00007f0d58774000,0x00007f0d58875000)]
  0x00007f0d600be000 JavaThread "C2 CompilerThread0" daemon [_thread_blocked, id=4755, stack(0x00007f0d58875000,0x00007f0d58976000)]
  0x00007f0d30001000 JavaThread "JDWP Command Reader" daemon [_thread_in_native, id=4751, stack(0x00007f0d58976000,0x00007f0d58a77000)]
  0x00007f0d600bc000 JavaThread "JDWP Event Helper Thread" daemon [_thread_blocked, id=4749, stack(0x00007f0d58a77000,0x00007f0d58b78000)]
=>0x00007f0d600b8000 JavaThread "JDWP Transport Listener: dt_socket" daemon [_thread_in_vm, id=4747, stack(0x00007f0d58b78000,0x00007f0d58c79000)]
  0x00007f0d600aa800 JavaThread "Signal Dispatcher" daemon [_thread_blocked, id=4745, stack(0x00007f0d58e7e000,0x00007f0d58f7f000)]
  0x00007f0d60080000 JavaThread "Finalizer" daemon [_thread_blocked, id=4743, stack(0x00007f0d58f7f000,0x00007f0d59080000)]
  0x00007f0d6007e000 JavaThread "Reference Handler" daemon [_thread_blocked, id=4742, stack(0x00007f0d59080000,0x00007f0d59181000)]
  0x00007f0d6000e000 JavaThread "main" [_thread_blocked, id=4735, stack(0x00007f0d66381000,0x00007f0d66482000)]

Other Threads:
  0x00007f0d60079800 VMThread [stack: 0x00007f0d59181000,0x00007f0d59282000] [id=4741]
  0x00007f0d600ce000 WatcherThread [stack: 0x00007f0d58572000,0x00007f0d58673000] [id=4758]

VM state:not at safepoint (normal execution)

VM Mutex/Monitor currently owned by a thread: None

Heap
 PSYoungGen      total 35840K, used 9619K [0x00000007d8080000, 0x00000007da880000, 0x0000000800000000)
  eden space 30720K, 14% used [0x00000007d8080000,0x00000007d84e6128,0x00000007d9e80000)
  from space 5120K, 99% used [0x00000007da380000,0x00000007da87ec48,0x00000007da880000)
  to   space 5120K, 0% used [0x00000007d9e80000,0x00000007d9e80000,0x00000007da380000)
 ParOldGen       total 81408K, used 1719K [0x0000000788200000, 0x000000078d180000, 0x00000007d8080000)
  object space 81408K, 2% used [0x0000000788200000,0x00000007883adea0,0x000000078d180000)
 PSPermGen       total 21504K, used 15282K [0x000000077dc00000, 0x000000077f100000, 0x0000000788200000)
  object space 21504K, 71% used [0x000000077dc00000,0x000000077eaec928,0x000000077f100000)

Card table byte_map: [0x00007f0d5b03b000,0x00007f0d5b44e000] byte_map_base: 0x00007f0d5744d000

Polling page: 0x00007f0d6649d000

Code Cache  [0x00007f0d5b44e000, 0x00007f0d5b6be000, 0x00007f0d5e44e000)
 total_blobs=442 nmethods=157 adapters=246 free_code_cache=48235Kb largest_free_block=49326976

Compilation events (10 events):
Event: 10.269 Thread 0x00007f0d600be000 nmethod 156 0x00007f0d5b4c3d50 code [0x00007f0d5b4c3ea0, 0x00007f0d5b4c3ff8]
Event: 10.270 Thread 0x00007f0d600be000  157             org.jsoup.helper.StringUtil::in (39 bytes)
Event: 10.271 Thread 0x00007f0d600be000 nmethod 157 0x00007f0d5b529310 code [0x00007f0d5b529460, 0x00007f0d5b529798]
Event: 10.272 Thread 0x00007f0d600be000  158             java.util.Arrays::binarySearch (9 bytes)
Event: 10.273 Thread 0x00007f0d600be000 nmethod 158 0x00007f0d5b4c39d0 code [0x00007f0d5b4c3b20, 0x00007f0d5b4c3c18]
Event: 10.273 Thread 0x00007f0d600be000  159             org.jsoup.parser.CharacterReader::consumeToAnySorted (79 bytes)
Event: 10.286 Thread 0x00007f0d600be000 nmethod 159 0x00007f0d5b52e250 code [0x00007f0d5b52e420, 0x00007f0d5b52f458]
Event: 10.286 Thread 0x00007f0d600be000  160             org.jsoup.parser.CharacterReader::cacheString (137 bytes)
Event: 10.302 Thread 0x00007f0d600be000 nmethod 160 0x00007f0d5b536ed0 code [0x00007f0d5b5370a0, 0x00007f0d5b538008]
Event: 10.303 Thread 0x00007f0d600c1000 nmethod 146 0x00007f0d5b538a90 code [0x00007f0d5b538f00, 0x00007f0d5b53e4c0]

GC Heap History (4 events):
Event: 6.355 GC heap before
{Heap before GC invocations=1 (full 0):
 PSYoungGen      total 35840K, used 30720K [0x00000007d8080000, 0x00000007da880000, 0x0000000800000000)
  eden space 30720K, 100% used [0x00000007d8080000,0x00000007d9e80000,0x00000007d9e80000)
  from space 5120K, 0% used [0x00000007da380000,0x00000007da380000,0x00000007da880000)
  to   space 5120K, 0% used [0x00000007d9e80000,0x00000007d9e80000,0x00000007da380000)
 ParOldGen       total 81408K, used 0K [0x0000000788200000, 0x000000078d180000, 0x00000007d8080000)
  object space 81408K, 0% used [0x0000000788200000,0x0000000788200000,0x000000078d180000)
 PSPermGen       total 21504K, used 11089K [0x000000077dc00000, 0x000000077f100000, 0x0000000788200000)
  object space 21504K, 51% used [0x000000077dc00000,0x000000077e6d4618,0x000000077f100000)
Event: 6.359 GC heap after
Heap after GC invocations=1 (full 0):
 PSYoungGen      total 35840K, used 5094K [0x00000007d8080000, 0x00000007da880000, 0x0000000800000000)
  eden space 30720K, 0% used [0x00000007d8080000,0x00000007d8080000,0x00000007d9e80000)
  from space 5120K, 99% used [0x00000007d9e80000,0x00000007da379b50,0x00000007da380000)
  to   space 5120K, 0% used [0x00000007da380000,0x00000007da380000,0x00000007da880000)
 ParOldGen       total 81408K, used 170K [0x0000000788200000, 0x000000078d180000, 0x00000007d8080000)
  object space 81408K, 0% used [0x0000000788200000,0x000000078822a830,0x000000078d180000)
 PSPermGen       total 21504K, used 11089K [0x000000077dc00000, 0x000000077f100000, 0x0000000788200000)
  object space 21504K, 51% used [0x000000077dc00000,0x000000077e6d4618,0x000000077f100000)
}
Event: 10.210 GC heap before
{Heap before GC invocations=2 (full 0):
 PSYoungGen      total 35840K, used 35814K [0x00000007d8080000, 0x00000007da880000, 0x0000000800000000)
  eden space 30720K, 100% used [0x00000007d8080000,0x00000007d9e80000,0x00000007d9e80000)
  from space 5120K, 99% used [0x00000007d9e80000,0x00000007da379b50,0x00000007da380000)
  to   space 5120K, 0% used [0x00000007da380000,0x00000007da380000,0x00000007da880000)
 ParOldGen       total 81408K, used 170K [0x0000000788200000, 0x000000078d180000, 0x00000007d8080000)
  object space 81408K, 0% used [0x0000000788200000,0x000000078822a830,0x000000078d180000)
 PSPermGen       total 21504K, used 14888K [0x000000077dc00000, 0x000000077f100000, 0x0000000788200000)
  object space 21504K, 69% used [0x000000077dc00000,0x000000077ea8a2b8,0x000000077f100000)
Event: 10.215 GC heap after
Heap after GC invocations=2 (full 0):
 PSYoungGen      total 35840K, used 5115K [0x00000007d8080000, 0x00000007da880000, 0x0000000800000000)
  eden space 30720K, 0% used [0x00000007d8080000,0x00000007d8080000,0x00000007d9e80000)
  from space 5120K, 99% used [0x00000007da380000,0x00000007da87ec48,0x00000007da880000)
  to   space 5120K, 0% used [0x00000007d9e80000,0x00000007d9e80000,0x00000007da380000)
 ParOldGen       total 81408K, used 1719K [0x0000000788200000, 0x000000078d180000, 0x00000007d8080000)
  object space 81408K, 2% used [0x0000000788200000,0x00000007883adea0,0x000000078d180000)
 PSPermGen       total 21504K, used 14888K [0x000000077dc00000, 0x000000077f100000, 0x0000000788200000)
  object space 21504K, 69% used [0x000000077dc00000,0x000000077ea8a2b8,0x000000077f100000)
}

Deoptimization events (10 events):
Event: 6.501 Thread 0x00007f0d6000e000 Uncommon trap: reason=class_check action=maybe_recompile pc=0x00007f0d5b4bfc70 method=java.util.Properties$LineReader.readLine()I @ 62
Event: 6.502 Thread 0x00007f0d6000e000 Uncommon trap: reason=class_check action=maybe_recompile pc=0x00007f0d5b4bfc70 method=java.util.Properties$LineReader.readLine()I @ 62
Event: 10.183 Thread 0x00007f0d6000e000 Uncommon trap: reason=predicate action=maybe_recompile pc=0x00007f0d5b514e48 method=java.util.Arrays.fill([Ljava/lang/Object;Ljava/lang/Object;)V @ 10
Event: 10.186 Thread 0x00007f0d6000e000 Uncommon trap: reason=array_check action=maybe_recompile pc=0x00007f0d5b4bb744 method=java.util.Arrays.fill([Ljava/lang/Object;Ljava/lang/Object;)V @ 13
Event: 10.186 Thread 0x00007f0d6000e000 Uncommon trap: reason=array_check action=maybe_recompile pc=0x00007f0d5b4bb744 method=java.util.Arrays.fill([Ljava/lang/Object;Ljava/lang/Object;)V @ 13
Event: 10.186 Thread 0x00007f0d6000e000 Uncommon trap: reason=array_check action=maybe_recompile pc=0x00007f0d5b4bb744 method=java.util.Arrays.fill([Ljava/lang/Object;Ljava/lang/Object;)V @ 13
Event: 10.187 Thread 0x00007f0d6000e000 Uncommon trap: reason=array_check action=maybe_recompile pc=0x00007f0d5b4bb744 method=java.util.Arrays.fill([Ljava/lang/Object;Ljava/lang/Object;)V @ 13
Event: 10.209 Thread 0x00007f0d6000e000 Uncommon trap: reason=class_check action=maybe_recompile pc=0x00007f0d5b4bfc70 method=java.util.Properties$LineReader.readLine()I @ 62
Event: 10.209 Thread 0x00007f0d6000e000 Uncommon trap: reason=class_check action=maybe_recompile pc=0x00007f0d5b4bfc70 method=java.util.Properties$LineReader.readLine()I @ 62
Event: 10.289 Thread 0x00007f0d6000e000 Uncommon trap: reason=unloaded action=reinterpret pc=0x00007f0d5b4caf1c method=java.util.ArrayList.rangeCheck(I)V @ 8

Internal exceptions (10 events):
Event: 10.282 Thread 0x00007f0d6000e000 Threw 0x00000007d83ab2e8 at /build/buildd/openjdk-7-7u79-2.5.5/build/openjdk/hotspot/src/share/vm/prims/jvm.cpp:1284
Event: 10.282 Thread 0x00007f0d6000e000 Threw 0x00000007d83b1d88 at /build/buildd/openjdk-7-7u79-2.5.5/build/openjdk/hotspot/src/share/vm/prims/jvm.cpp:1284
Event: 10.283 Thread 0x00007f0d6000e000 Threw 0x00000007d83b9348 at /build/buildd/openjdk-7-7u79-2.5.5/build/openjdk/hotspot/src/share/vm/prims/jvm.cpp:1284
Event: 10.284 Thread 0x00007f0d6000e000 Threw 0x00000007d83c1318 at /build/buildd/openjdk-7-7u79-2.5.5/build/openjdk/hotspot/src/share/vm/prims/jvm.cpp:1284
Event: 10.284 Thread 0x00007f0d6000e000 Threw 0x00000007d83d0410 at /build/buildd/openjdk-7-7u79-2.5.5/build/openjdk/hotspot/src/share/vm/prims/jvm.cpp:1284
Event: 10.285 Thread 0x00007f0d6000e000 Threw 0x00000007d83d8200 at /build/buildd/openjdk-7-7u79-2.5.5/build/openjdk/hotspot/src/share/vm/prims/jvm.cpp:1284
Event: 10.285 Thread 0x00007f0d6000e000 Threw 0x00000007d83e03e8 at /build/buildd/openjdk-7-7u79-2.5.5/build/openjdk/hotspot/src/share/vm/prims/jvm.cpp:1284
Event: 10.285 Thread 0x00007f0d6000e000 Threw 0x00000007d83e7bd8 at /build/buildd/openjdk-7-7u79-2.5.5/build/openjdk/hotspot/src/share/vm/prims/jvm.cpp:1284
Event: 10.285 Thread 0x00007f0d6000e000 Threw 0x00000007d83f01e8 at /build/buildd/openjdk-7-7u79-2.5.5/build/openjdk/hotspot/src/share/vm/prims/jvm.cpp:1284
Event: 10.286 Thread 0x00007f0d6000e000 Threw 0x00000007d83f9eb8 at /build/buildd/openjdk-7-7u79-2.5.5/build/openjdk/hotspot/src/share/vm/prims/jvm.cpp:1284

Events (10 events):
Event: 769.970 Executing VM operation: GetCurrentLocation
Event: 769.971 Executing VM operation: GetCurrentLocation done
Event: 769.971 Executing VM operation: EnterInterpOnlyMode
Event: 769.971 Executing VM operation: EnterInterpOnlyMode done
Event: 769.971 Executing VM operation: ChangeSingleStep
Event: 769.971 Executing VM operation: ChangeSingleStep done
Event: 769.971 Executing VM operation: ChangeSingleStep
Event: 769.971 Executing VM operation: ChangeSingleStep done
Event: 769.973 Executing VM operation: RedefineClasses
Event: 769.974 Executing VM operation: RedefineClasses done


Dynamic libraries:
00400000-00401000 r-xp 00000000 08:17 813241                             /usr/lib/jvm/java-7-openjdk-amd64/jre/bin/java
00600000-00601000 r--p 00000000 08:17 813241                             /usr/lib/jvm/java-7-openjdk-amd64/jre/bin/java
00601000-00602000 rw-p 00001000 08:17 813241                             /usr/lib/jvm/java-7-openjdk-amd64/jre/bin/java
00f7b000-00f9c000 rw-p 00000000 00:00 0                                  [heap]
77dc00000-77f100000 rw-p 00000000 00:00 0 
77f100000-788200000 rw-p 00000000 00:00 0 
788200000-78d180000 rw-p 00000000 00:00 0 
78d180000-7d8080000 rw-p 00000000 00:00 0 
7d8080000-7da880000 rw-p 00000000 00:00 0 
7da880000-800000000 rw-p 00000000 00:00 0 
7f0d04000000-7f0d04021000 rw-p 00000000 00:00 0 
7f0d04021000-7f0d08000000 ---p 00000000 00:00 0 
7f0d08000000-7f0d08021000 rw-p 00000000 00:00 0 
7f0d08021000-7f0d0c000000 ---p 00000000 00:00 0 
7f0d0c000000-7f0d0c021000 rw-p 00000000 00:00 0 
7f0d0c021000-7f0d10000000 ---p 00000000 00:00 0 
7f0d10000000-7f0d1023e000 rw-p 00000000 00:00 0 
7f0d1023e000-7f0d14000000 ---p 00000000 00:00 0 
7f0d14000000-7f0d14021000 rw-p 00000000 00:00 0 
7f0d14021000-7f0d18000000 ---p 00000000 00:00 0 
7f0d18000000-7f0d18021000 rw-p 00000000 00:00 0 
7f0d18021000-7f0d1c000000 ---p 00000000 00:00 0 
7f0d1c000000-7f0d1c623000 rw-p 00000000 00:00 0 
7f0d1c623000-7f0d20000000 ---p 00000000 00:00 0 
7f0d20000000-7f0d20637000 rw-p 00000000 00:00 0 
7f0d20637000-7f0d24000000 ---p 00000000 00:00 0 
7f0d24000000-7f0d24021000 rw-p 00000000 00:00 0 
7f0d24021000-7f0d28000000 ---p 00000000 00:00 0 
7f0d28000000-7f0d28021000 rw-p 00000000 00:00 0 
7f0d28021000-7f0d2c000000 ---p 00000000 00:00 0 
7f0d2c000000-7f0d2c021000 rw-p 00000000 00:00 0 
7f0d2c021000-7f0d30000000 ---p 00000000 00:00 0 
7f0d30000000-7f0d3024f000 rw-p 00000000 00:00 0 
7f0d3024f000-7f0d34000000 ---p 00000000 00:00 0 
7f0d34000000-7f0d34021000 rw-p 00000000 00:00 0 
7f0d34021000-7f0d38000000 ---p 00000000 00:00 0 
7f0d38000000-7f0d38021000 rw-p 00000000 00:00 0 
7f0d38021000-7f0d3c000000 ---p 00000000 00:00 0 
7f0d3c000000-7f0d3c021000 rw-p 00000000 00:00 0 
7f0d3c021000-7f0d40000000 ---p 00000000 00:00 0 
7f0d410e4000-7f0d410e7000 ---p 00000000 00:00 0 
7f0d410e7000-7f0d411e5000 rw-p 00000000 00:00 0 
7f0d411e5000-7f0d411e8000 ---p 00000000 00:00 0 
7f0d411e8000-7f0d412e6000 rw-p 00000000 00:00 0 
7f0d412e6000-7f0d412e9000 ---p 00000000 00:00 0 
7f0d412e9000-7f0d413e7000 rw-p 00000000 00:00 0 
7f0d413e7000-7f0d41462000 r-xp 00000000 08:17 271                        /usr/lib/x86_64-linux-gnu/nss/libfreebl3.so
7f0d41462000-7f0d41661000 ---p 0007b000 08:17 271                        /usr/lib/x86_64-linux-gnu/nss/libfreebl3.so
7f0d41661000-7f0d41664000 r--p 0007a000 08:17 271                        /usr/lib/x86_64-linux-gnu/nss/libfreebl3.so
7f0d41664000-7f0d41665000 rw-p 0007d000 08:17 271                        /usr/lib/x86_64-linux-gnu/nss/libfreebl3.so
7f0d41665000-7f0d41669000 rw-p 00000000 00:00 0 
7f0d41669000-7f0d41728000 r-xp 00000000 08:17 796252                     /usr/lib/x86_64-linux-gnu/libsqlite3.so.0.8.6
7f0d41728000-7f0d41927000 ---p 000bf000 08:17 796252                     /usr/lib/x86_64-linux-gnu/libsqlite3.so.0.8.6
7f0d41927000-7f0d4192b000 r--p 000be000 08:17 796252                     /usr/lib/x86_64-linux-gnu/libsqlite3.so.0.8.6
7f0d4192b000-7f0d4192d000 rw-p 000c2000 08:17 796252                     /usr/lib/x86_64-linux-gnu/libsqlite3.so.0.8.6
7f0d4192d000-7f0d4192e000 rw-p 00000000 00:00 0 
7f0d4192e000-7f0d41970000 r-xp 00000000 08:17 374                        /usr/lib/x86_64-linux-gnu/nss/libsoftokn3.so
7f0d41970000-7f0d41b6f000 ---p 00042000 08:17 374                        /usr/lib/x86_64-linux-gnu/nss/libsoftokn3.so
7f0d41b6f000-7f0d41b71000 r--p 00041000 08:17 374                        /usr/lib/x86_64-linux-gnu/nss/libsoftokn3.so
7f0d41b71000-7f0d41b72000 rw-p 00043000 08:17 374                        /usr/lib/x86_64-linux-gnu/nss/libsoftokn3.so
7f0d41b72000-7f0d41bab000 r-xp 00000000 08:17 796034                     /usr/lib/x86_64-linux-gnu/libnspr4.so
7f0d41bab000-7f0d41dab000 ---p 00039000 08:17 796034                     /usr/lib/x86_64-linux-gnu/libnspr4.so
7f0d41dab000-7f0d41dac000 r--p 00039000 08:17 796034                     /usr/lib/x86_64-linux-gnu/libnspr4.so
7f0d41dac000-7f0d41dae000 rw-p 0003a000 08:17 796034                     /usr/lib/x86_64-linux-gnu/libnspr4.so
7f0d41dae000-7f0d41db0000 rw-p 00000000 00:00 0 
7f0d41db0000-7f0d41db3000 r-xp 00000000 08:17 796102                     /usr/lib/x86_64-linux-gnu/libplds4.so
7f0d41db3000-7f0d41fb2000 ---p 00003000 08:17 796102                     /usr/lib/x86_64-linux-gnu/libplds4.so
7f0d41fb2000-7f0d41fb3000 r--p 00002000 08:17 796102                     /usr/lib/x86_64-linux-gnu/libplds4.so
7f0d41fb3000-7f0d41fb4000 rw-p 00003000 08:17 796102                     /usr/lib/x86_64-linux-gnu/libplds4.so
7f0d41fb4000-7f0d41fb8000 r-xp 00000000 08:17 796101                     /usr/lib/x86_64-linux-gnu/libplc4.so
7f0d41fb8000-7f0d421b7000 ---p 00004000 08:17 796101                     /usr/lib/x86_64-linux-gnu/libplc4.so
7f0d421b7000-7f0d421b8000 r--p 00003000 08:17 796101                     /usr/lib/x86_64-linux-gnu/libplc4.so
7f0d421b8000-7f0d421b9000 rw-p 00004000 08:17 796101                     /usr/lib/x86_64-linux-gnu/libplc4.so
7f0d421b9000-7f0d421de000 r-xp 00000000 08:17 784286                     /usr/lib/x86_64-linux-gnu/libnssutil3.so
7f0d421de000-7f0d423de000 ---p 00025000 08:17 784286                     /usr/lib/x86_64-linux-gnu/libnssutil3.so
7f0d423de000-7f0d423e4000 r--p 00025000 08:17 784286                     /usr/lib/x86_64-linux-gnu/libnssutil3.so
7f0d423e4000-7f0d423e5000 rw-p 0002b000 08:17 784286                     /usr/lib/x86_64-linux-gnu/libnssutil3.so
7f0d423e5000-7f0d42521000 r-xp 00000000 08:17 786181                     /usr/lib/x86_64-linux-gnu/libnss3.so
7f0d42521000-7f0d42721000 ---p 0013c000 08:17 786181                     /usr/lib/x86_64-linux-gnu/libnss3.so
7f0d42721000-7f0d42727000 r--p 0013c000 08:17 786181                     /usr/lib/x86_64-linux-gnu/libnss3.so
7f0d42727000-7f0d42729000 rw-p 00142000 08:17 786181                     /usr/lib/x86_64-linux-gnu/libnss3.so
7f0d42729000-7f0d4272a000 rw-p 00000000 00:00 0 
7f0d4272a000-7f0d4273a000 r-xp 00000000 08:17 813309                     /usr/lib/jvm/java-7-openjdk-amd64/jre/lib/amd64/libj2pkcs11.so
7f0d4273a000-7f0d4293a000 ---p 00010000 08:17 813309                     /usr/lib/jvm/java-7-openjdk-amd64/jre/lib/amd64/libj2pkcs11.so
7f0d4293a000-7f0d4293b000 r--p 00010000 08:17 813309                     /usr/lib/jvm/java-7-openjdk-amd64/jre/lib/amd64/libj2pkcs11.so
7f0d4293b000-7f0d4293c000 rw-p 00011000 08:17 813309                     /usr/lib/jvm/java-7-openjdk-amd64/jre/lib/amd64/libj2pkcs11.so
7f0d4293c000-7f0d4294d000 r-xp 00000000 08:17 813280                     /usr/lib/jvm/java-7-openjdk-amd64/jre/lib/amd64/libnio.so
7f0d4294d000-7f0d42b4c000 ---p 00011000 08:17 813280                     /usr/lib/jvm/java-7-openjdk-amd64/jre/lib/amd64/libnio.so
7f0d42b4c000-7f0d42b4d000 r--p 00010000 08:17 813280                     /usr/lib/jvm/java-7-openjdk-amd64/jre/lib/amd64/libnio.so
7f0d42b4d000-7f0d42b4e000 rw-p 00011000 08:17 813280                     /usr/lib/jvm/java-7-openjdk-amd64/jre/lib/amd64/libnio.so
7f0d42b4e000-7f0d42bba000 r-xp 00000000 08:17 919017                     /lib/x86_64-linux-gnu/libpcre.so.3.13.1
7f0d42bba000-7f0d42db9000 ---p 0006c000 08:17 919017                     /lib/x86_64-linux-gnu/libpcre.so.3.13.1
7f0d42db9000-7f0d42dba000 r--p 0006b000 08:17 919017                     /lib/x86_64-linux-gnu/libpcre.so.3.13.1
7f0d42dba000-7f0d42dbb000 rw-p 0006c000 08:17 919017                     /lib/x86_64-linux-gnu/libpcre.so.3.13.1
7f0d42dbb000-7f0d42dc2000 r-xp 00000000 08:17 795610                     /usr/lib/x86_64-linux-gnu/libffi.so.6.0.2
7f0d42dc2000-7f0d42fc1000 ---p 00007000 08:17 795610                     /usr/lib/x86_64-linux-gnu/libffi.so.6.0.2
7f0d42fc1000-7f0d42fc2000 r--p 00006000 08:17 795610                     /usr/lib/x86_64-linux-gnu/libffi.so.6.0.2
7f0d42fc2000-7f0d42fc3000 rw-p 00007000 08:17 795610                     /usr/lib/x86_64-linux-gnu/libffi.so.6.0.2
7f0d42fc3000-7f0d42fda000 r-xp 00000000 08:17 938725                     /lib/x86_64-linux-gnu/libresolv-2.19.so
7f0d42fda000-7f0d431da000 ---p 00017000 08:17 938725                     /lib/x86_64-linux-gnu/libresolv-2.19.so
7f0d431da000-7f0d431db000 r--p 00017000 08:17 938725                     /lib/x86_64-linux-gnu/libresolv-2.19.so
7f0d431db000-7f0d431dc000 rw-p 00018000 08:17 938725                     /lib/x86_64-linux-gnu/libresolv-2.19.so
7f0d431dc000-7f0d431de000 rw-p 00000000 00:00 0 
7f0d431de000-7f0d431ff000 r-xp 00000000 08:17 919044                     /lib/x86_64-linux-gnu/libselinux.so.1
7f0d431ff000-7f0d433fe000 ---p 00021000 08:17 919044                     /lib/x86_64-linux-gnu/libselinux.so.1
7f0d433fe000-7f0d433ff000 r--p 00020000 08:17 919044                     /lib/x86_64-linux-gnu/libselinux.so.1
7f0d433ff000-7f0d43400000 rw-p 00021000 08:17 919044                     /lib/x86_64-linux-gnu/libselinux.so.1
7f0d43400000-7f0d43402000 rw-p 00000000 00:00 0 
7f0d43402000-7f0d43405000 r-xp 00000000 08:17 783531                     /usr/lib/x86_64-linux-gnu/libgmodule-2.0.so.0.4200.1
7f0d43405000-7f0d43604000 ---p 00003000 08:17 783531                     /usr/lib/x86_64-linux-gnu/libgmodule-2.0.so.0.4200.1
7f0d43604000-7f0d43605000 r--p 00002000 08:17 783531                     /usr/lib/x86_64-linux-gnu/libgmodule-2.0.so.0.4200.1
7f0d43605000-7f0d43606000 rw-p 00003000 08:17 783531                     /usr/lib/x86_64-linux-gnu/libgmodule-2.0.so.0.4200.1
7f0d43606000-7f0d43712000 r-xp 00000000 08:17 918457                     /lib/x86_64-linux-gnu/libglib-2.0.so.0.4200.1
7f0d43712000-7f0d43912000 ---p 0010c000 08:17 918457                     /lib/x86_64-linux-gnu/libglib-2.0.so.0.4200.1
7f0d43912000-7f0d43913000 r--p 0010c000 08:17 918457                     /lib/x86_64-linux-gnu/libglib-2.0.so.0.4200.1
7f0d43913000-7f0d43914000 rw-p 0010d000 08:17 918457                     /lib/x86_64-linux-gnu/libglib-2.0.so.0.4200.1
7f0d43914000-7f0d43915000 rw-p 00000000 00:00 0 
7f0d43915000-7f0d43965000 r-xp 00000000 08:17 783528                     /usr/lib/x86_64-linux-gnu/libgobject-2.0.so.0.4200.1
7f0d43965000-7f0d43b65000 ---p 00050000 08:17 783528                     /usr/lib/x86_64-linux-gnu/libgobject-2.0.so.0.4200.1
7f0d43b65000-7f0d43b66000 r--p 00050000 08:17 783528                     /usr/lib/x86_64-linux-gnu/libgobject-2.0.so.0.4200.1
7f0d43b66000-7f0d43b67000 rw-p 00051000 08:17 783528                     /usr/lib/x86_64-linux-gnu/libgobject-2.0.so.0.4200.1
7f0d43b67000-7f0d43cd8000 r-xp 00000000 08:17 783530                     /usr/lib/x86_64-linux-gnu/libgio-2.0.so.0.4200.1
7f0d43cd8000-7f0d43ed8000 ---p 00171000 08:17 783530                     /usr/lib/x86_64-linux-gnu/libgio-2.0.so.0.4200.1
7f0d43ed8000-7f0d43edc000 r--p 00171000 08:17 783530                     /usr/lib/x86_64-linux-gnu/libgio-2.0.so.0.4200.1
7f0d43edc000-7f0d43ede000 rw-p 00175000 08:17 783530                     /usr/lib/x86_64-linux-gnu/libgio-2.0.so.0.4200.1
7f0d43ede000-7f0d48000000 rw-p 00000000 00:00 0 
7f0d48000000-7f0d48021000 rw-p 00000000 00:00 0 
7f0d48021000-7f0d4c000000 ---p 00000000 00:00 0 
7f0d4c000000-7f0d4c021000 rw-p 00000000 00:00 0 
7f0d4c021000-7f0d50000000 ---p 00000000 00:00 0 
7f0d50000000-7f0d50021000 rw-p 00000000 00:00 0 
7f0d50021000-7f0d54000000 ---p 00000000 00:00 0 
7f0d54000000-7f0d54021000 rw-p 00000000 00:00 0 
7f0d54021000-7f0d58000000 ---p 00000000 00:00 0 
7f0d580a9000-7f0d580ab000 rw-p 00000000 00:00 0 
7f0d580ab000-7f0d580ae000 ---p 00000000 00:00 0 
7f0d580ae000-7f0d580e4000 rw-p 00000000 00:00 0 
7f0d580e4000-7f0d580e7000 r--s 00017000 08:17 813319                     /usr/lib/jvm/java-7-openjdk-amd64/jre/lib/jce.jar
7f0d580e7000-7f0d580ed000 r--s 00047000 08:17 954462                     /home/will/git/Crisis/Backend/Scrape/lib/jsoup-1.8.3.jar
7f0d580ed000-7f0d580f3000 r--s 0008b000 08:17 954461                     /home/will/git/Crisis/Backend/Scrape/lib/jsoup-1.8.3-javadoc.jar
7f0d580f3000-7f0d580fa000 r--s 000ca000 08:17 954480                     /home/will/git/Crisis/Backend/Scrape/lib/mysql-connector-java-5.1.26-bin.jar
7f0d580fa000-7f0d58103000 r--s 0002d000 08:17 939834                     /home/will/git/Crisis/Backend/Scrape/lib/xml-apis-1.4.01.jar
7f0d58103000-7f0d5811c000 r--s 00135000 08:17 939822                     /home/will/git/Crisis/Backend/Scrape/lib/xercesImpl-2.11.0.jar
7f0d5811c000-7f0d58120000 r--s 00028000 08:17 939793                     /home/will/git/Crisis/Backend/Scrape/lib/websocket-common-9.2.11.v20150529.jar
7f0d58120000-7f0d58122000 r--s 00009000 08:17 939813                     /home/will/git/Crisis/Backend/Scrape/lib/websocket-api-9.2.11.v20150529.jar
7f0d58122000-7f0d58153000 rw-p 00000000 00:00 0 
7f0d58153000-7f0d58161000 r--s 000bf000 08:17 939816                     /home/will/git/Crisis/Backend/Scrape/lib/testng-6.8.5.jar
7f0d58161000-7f0d58165000 r--s 00040000 08:17 939799                     /home/will/git/Crisis/Backend/Scrape/lib/serializer-2.7.2.jar
7f0d58165000-7f0d5816a000 r--s 0004d000 08:17 813316                     /usr/lib/jvm/java-7-openjdk-amd64/jre/lib/jsse.jar
7f0d5816a000-7f0d58181000 r-xp 00000000 08:17 813306                     /usr/lib/jvm/java-7-openjdk-amd64/jre/lib/amd64/libnet.so
7f0d58181000-7f0d58380000 ---p 00017000 08:17 813306                     /usr/lib/jvm/java-7-openjdk-amd64/jre/lib/amd64/libnet.so
7f0d58380000-7f0d58381000 r--p 00016000 08:17 813306                     /usr/lib/jvm/java-7-openjdk-amd64/jre/lib/amd64/libnet.so
7f0d58381000-7f0d58382000 rw-p 00017000 08:17 813306                     /usr/lib/jvm/java-7-openjdk-amd64/jre/lib/amd64/libnet.so
7f0d58382000-7f0d58395000 r--s 0039d000 08:17 939803                     /home/will/git/Crisis/Backend/Scrape/lib/selenium-java-2.47.1.jar
7f0d58395000-7f0d583a2000 r--s 00099000 08:17 939836                     /home/will/git/Crisis/Backend/Scrape/lib/selenium-java-2.47.1-srcs.jar
7f0d583a2000-7f0d583a3000 r--s 00003000 08:17 939811                     /home/will/git/Crisis/Backend/Scrape/lib/sac-1.3.jar
7f0d583a3000-7f0d583a4000 r--s 00002000 08:17 939839                     /home/will/git/Crisis/Backend/Scrape/lib/phantomjsdriver-1.2.1.jar
7f0d583a4000-7f0d583ba000 r--s 000f9000 08:17 939797                     /home/will/git/Crisis/Backend/Scrape/lib/netty-3.5.7.Final.jar
7f0d583ba000-7f0d583bc000 r--s 0001d000 08:17 939804                     /home/will/git/Crisis/Backend/Scrape/lib/nekohtml-1.9.22.jar
7f0d583bc000-7f0d583c4000 r--s 00045000 08:17 939805                     /home/will/git/Crisis/Backend/Scrape/lib/junit-4.12.jar
7f0d583c4000-7f0d583d5000 r--s 00155000 08:17 939817                     /home/will/git/Crisis/Backend/Scrape/lib/jna-platform-4.1.0.jar
7f0d583d5000-7f0d583d9000 r--s 000dc000 08:17 939826                     /home/will/git/Crisis/Backend/Scrape/lib/jna-4.1.0.jar
7f0d583d9000-7f0d583df000 r--s 00052000 08:17 939823                     /home/will/git/Crisis/Backend/Scrape/lib/jetty-util-9.2.11.v20150529.jar
7f0d583df000-7f0d583e2000 r--s 00018000 08:17 939830                     /home/will/git/Crisis/Backend/Scrape/lib/jetty-io-9.2.11.v20150529.jar
7f0d583e2000-7f0d583e4000 r--s 0000c000 08:17 939818                     /home/will/git/Crisis/Backend/Scrape/lib/jcommander-1.29.jar
7f0d583e4000-7f0d583e6000 r--s 00005000 08:17 954460                     /home/will/git/Crisis/Backend/Scrape/lib/jboss-transaction-api_1.1_spec-1.0.1.Final.jar
7f0d583e6000-7f0d583e8000 r--s 0000d000 08:17 954298                     /home/will/git/Crisis/Backend/Scrape/lib/jboss-logging-3.1.0.GA.jar
7f0d583e8000-7f0d583f2000 r--s 000a5000 08:17 954297                     /home/will/git/Crisis/Backend/Scrape/lib/javassist-3.18.1-GA.jar
7f0d583f2000-7f0d583f4000 r--s 00012000 08:17 954296                     /home/will/git/Crisis/Backend/Scrape/lib/jandex-1.2.2.Final.jar
7f0d583f4000-7f0d583f5000 r--s 00009000 08:17 939835                     /home/will/git/Crisis/Backend/Scrape/lib/httpmime-4.4.1.jar
7f0d583f5000-7f0d583fc000 r--s 00048000 08:17 939798                     /home/will/git/Crisis/Backend/Scrape/lib/httpcore-4.4.1.jar
7f0d583fc000-7f0d5840a000 r--s 000fc000 08:17 939828                     /home/will/git/Crisis/Backend/Scrape/lib/htmlunit-core-js-2.17.jar
7f0d5840a000-7f0d584c2000 r--s 00a96000 08:17 939819                     /home/will/git/Crisis/Backend/Scrape/lib/htmlunit-2.18-OSGi.jar
7f0d584c2000-7f0d584c7000 r--s 00015000 08:17 954479                     /home/will/git/Crisis/Backend/Scrape/lib/hibernate-jpa-2.0-api-1.0.1.Final.jar
7f0d584c7000-7f0d58518000 r--s 0042b000 08:17 954478                     /home/will/git/Crisis/Backend/Scrape/lib/hibernate-core-4.2.20.Final.jar
7f0d58518000-7f0d5851b000 r--s 00011000 08:17 954477                     /home/will/git/Crisis/Backend/Scrape/lib/hibernate-commons-annotations-4.0.2.Final.jar
7f0d5851b000-7f0d5851c000 r--s 0000c000 08:17 939809                     /home/will/git/Crisis/Backend/Scrape/lib/hamcrest-library-1.3.jar
7f0d5851c000-7f0d5851e000 r--s 00009000 08:17 939832                     /home/will/git/Crisis/Backend/Scrape/lib/hamcrest-core-1.3.jar
7f0d5851e000-7f0d58549000 r--s 001fc000 08:17 939814                     /home/will/git/Crisis/Backend/Scrape/lib/guava-18.0.jar
7f0d58549000-7f0d5854e000 r--s 0002f000 08:17 939806                     /home/will/git/Crisis/Backend/Scrape/lib/gson-2.3.1.jar
7f0d5854e000-7f0d5854f000 r--s 00003000 08:17 954292                     /home/will/git/Crisis/Backend/Scrape/lib/geronimo-jta_1.1_spec-1.1.1.jar
7f0d5854f000-7f0d58554000 r--s 00048000 08:17 954291                     /home/will/git/Crisis/Backend/Scrape/lib/dom4j-1.6.1.jar
7f0d58554000-7f0d58557000 r--s 0005a000 08:17 939801                     /home/will/git/Crisis/Backend/Scrape/lib/cssparser-0.9.16.jar
7f0d58557000-7f0d58559000 r--s 0000e000 08:17 939794                     /home/will/git/Crisis/Backend/Scrape/lib/commons-logging-1.1.3.jar
7f0d58559000-7f0d58560000 r--s 00064000 08:17 939829                     /home/will/git/Crisis/Backend/Scrape/lib/commons-lang3-3.4.jar
7f0d58560000-7f0d58564000 r--s 0002a000 08:17 939808                     /home/will/git/Crisis/Backend/Scrape/lib/commons-io-2.4.jar
7f0d58564000-7f0d58572000 r--s 0007f000 08:17 939810                     /home/will/git/Crisis/Backend/Scrape/lib/commons-collections-3.2.1.jar
7f0d58572000-7f0d58573000 ---p 00000000 00:00 0 
7f0d58573000-7f0d58673000 rw-p 00000000 00:00 0                          [stack:4758]
7f0d58673000-7f0d58676000 ---p 00000000 00:00 0 
7f0d58676000-7f0d58774000 rw-p 00000000 00:00 0                          [stack:4757]
7f0d58774000-7f0d58777000 ---p 00000000 00:00 0 
7f0d58777000-7f0d58875000 rw-p 00000000 00:00 0                          [stack:4756]
7f0d58875000-7f0d58878000 ---p 00000000 00:00 0 
7f0d58878000-7f0d58976000 rw-p 00000000 00:00 0                          [stack:4755]
7f0d58976000-7f0d58979000 ---p 00000000 00:00 0 
7f0d58979000-7f0d58a77000 rw-p 00000000 00:00 0                          [stack:4751]
7f0d58a77000-7f0d58a7a000 ---p 00000000 00:00 0 
7f0d58a7a000-7f0d58b78000 rw-p 00000000 00:00 0                          [stack:4749]
7f0d58b78000-7f0d58b7b000 ---p 00000000 00:00 0 
7f0d58b7b000-7f0d58c79000 rw-p 00000000 00:00 0                          [stack:4747]
7f0d58c79000-7f0d58c7d000 r-xp 00000000 08:17 813287                     /usr/lib/jvm/java-7-openjdk-amd64/jre/lib/amd64/libdt_socket.so
7f0d58c7d000-7f0d58e7c000 ---p 00004000 08:17 813287                     /usr/lib/jvm/java-7-openjdk-amd64/jre/lib/amd64/libdt_socket.so
7f0d58e7c000-7f0d58e7d000 r--p 00003000 08:17 813287                     /usr/lib/jvm/java-7-openjdk-amd64/jre/lib/amd64/libdt_socket.so
7f0d58e7d000-7f0d58e7e000 rw-p 00004000 08:17 813287                     /usr/lib/jvm/java-7-openjdk-amd64/jre/lib/amd64/libdt_socket.so
7f0d58e7e000-7f0d58e81000 ---p 00000000 00:00 0 
7f0d58e81000-7f0d58f7f000 rw-p 00000000 00:00 0                          [stack:4745]
7f0d58f7f000-7f0d58f82000 ---p 00000000 00:00 0 
7f0d58f82000-7f0d59080000 rw-p 00000000 00:00 0                          [stack:4743]
7f0d59080000-7f0d59083000 ---p 00000000 00:00 0 
7f0d59083000-7f0d59181000 rw-p 00000000 00:00 0                          [stack:4742]
7f0d59181000-7f0d59182000 ---p 00000000 00:00 0 
7f0d59182000-7f0d5a27f000 rw-p 00000000 00:00 0                          [stack:4741]
7f0d5a27f000-7f0d5a430000 r--s 01d27000 08:17 813313                     /usr/lib/jvm/java-7-openjdk-amd64/jre/lib/rt.jar
7f0d5a430000-7f0d5a964000 rw-p 00000000 00:00 0 
7f0d5a964000-7f0d5a965000 ---p 00000000 00:00 0 
7f0d5a965000-7f0d5aa65000 rw-p 00000000 00:00 0                          [stack:4740]
7f0d5aa65000-7f0d5aa66000 ---p 00000000 00:00 0 
7f0d5aa66000-7f0d5ab66000 rw-p 00000000 00:00 0                          [stack:4739]
7f0d5ab66000-7f0d5ab67000 ---p 00000000 00:00 0 
7f0d5ab67000-7f0d5ac67000 rw-p 00000000 00:00 0                          [stack:4738]
7f0d5ac67000-7f0d5ac68000 ---p 00000000 00:00 0 
7f0d5ac68000-7f0d5ad73000 rw-p 00000000 00:00 0                          [stack:4737]
7f0d5ad73000-7f0d5adbb000 rw-p 00000000 00:00 0 
7f0d5adbb000-7f0d5ade3000 rw-p 00000000 00:00 0 
7f0d5ade3000-7f0d5b03b000 rw-p 00000000 00:00 0 
7f0d5b03b000-7f0d5b046000 rw-p 00000000 00:00 0 
7f0d5b046000-7f0d5b08e000 rw-p 00000000 00:00 0 
7f0d5b08e000-7f0d5b0b6000 rw-p 00000000 00:00 0 
7f0d5b0b6000-7f0d5b30d000 rw-p 00000000 00:00 0 
7f0d5b30d000-7f0d5b322000 rw-p 00000000 00:00 0 
7f0d5b322000-7f0d5b44d000 rw-p 00000000 00:00 0 
7f0d5b44d000-7f0d5b44e000 rw-p 00000000 00:00 0 
7f0d5b44e000-7f0d5b6be000 rwxp 00000000 00:00 0 
7f0d5b6be000-7f0d5e44e000 rw-p 00000000 00:00 0 
7f0d5e44e000-7f0d5e456000 r-xp 00000000 08:17 813282                     /usr/lib/jvm/java-7-openjdk-amd64/jre/lib/amd64/libzip.so
7f0d5e456000-7f0d5e655000 ---p 00008000 08:17 813282                     /usr/lib/jvm/java-7-openjdk-amd64/jre/lib/amd64/libzip.so
7f0d5e655000-7f0d5e656000 r--p 00007000 08:17 813282                     /usr/lib/jvm/java-7-openjdk-amd64/jre/lib/amd64/libzip.so
7f0d5e656000-7f0d5e657000 rw-p 00008000 08:17 813282                     /usr/lib/jvm/java-7-openjdk-amd64/jre/lib/amd64/libzip.so
7f0d5e657000-7f0d5e662000 r-xp 00000000 08:17 938730                     /lib/x86_64-linux-gnu/libnss_files-2.19.so
7f0d5e662000-7f0d5e861000 ---p 0000b000 08:17 938730                     /lib/x86_64-linux-gnu/libnss_files-2.19.so
7f0d5e861000-7f0d5e862000 r--p 0000a000 08:17 938730                     /lib/x86_64-linux-gnu/libnss_files-2.19.so
7f0d5e862000-7f0d5e863000 rw-p 0000b000 08:17 938730                     /lib/x86_64-linux-gnu/libnss_files-2.19.so
7f0d5e863000-7f0d5e86e000 r-xp 00000000 08:17 938732                     /lib/x86_64-linux-gnu/libnss_nis-2.19.so
7f0d5e86e000-7f0d5ea6d000 ---p 0000b000 08:17 938732                     /lib/x86_64-linux-gnu/libnss_nis-2.19.so
7f0d5ea6d000-7f0d5ea6e000 r--p 0000a000 08:17 938732                     /lib/x86_64-linux-gnu/libnss_nis-2.19.so
7f0d5ea6e000-7f0d5ea6f000 rw-p 0000b000 08:17 938732                     /lib/x86_64-linux-gnu/libnss_nis-2.19.so
7f0d5ea6f000-7f0d5ea86000 r-xp 00000000 08:17 938716                     /lib/x86_64-linux-gnu/libnsl-2.19.so
7f0d5ea86000-7f0d5ec85000 ---p 00017000 08:17 938716                     /lib/x86_64-linux-gnu/libnsl-2.19.so
7f0d5ec85000-7f0d5ec86000 r--p 00016000 08:17 938716                     /lib/x86_64-linux-gnu/libnsl-2.19.so
7f0d5ec86000-7f0d5ec87000 rw-p 00017000 08:17 938716                     /lib/x86_64-linux-gnu/libnsl-2.19.so
7f0d5ec87000-7f0d5ec89000 rw-p 00000000 00:00 0 
7f0d5ec89000-7f0d5ec92000 r-xp 00000000 08:17 938717                     /lib/x86_64-linux-gnu/libnss_compat-2.19.so
7f0d5ec92000-7f0d5ee91000 ---p 00009000 08:17 938717                     /lib/x86_64-linux-gnu/libnss_compat-2.19.so
7f0d5ee91000-7f0d5ee92000 r--p 00008000 08:17 938717                     /lib/x86_64-linux-gnu/libnss_compat-2.19.so
7f0d5ee92000-7f0d5ee93000 rw-p 00009000 08:17 938717                     /lib/x86_64-linux-gnu/libnss_compat-2.19.so
7f0d5ee93000-7f0d5f575000 r--p 00000000 08:17 792764                     /usr/lib/locale/locale-archive
7f0d5f575000-7f0d5f578000 r-xp 00000000 08:17 813275                     /usr/lib/jvm/java-7-openjdk-amd64/jre/lib/amd64/libnpt.so
7f0d5f578000-7f0d5f777000 ---p 00003000 08:17 813275                     /usr/lib/jvm/java-7-openjdk-amd64/jre/lib/amd64/libnpt.so
7f0d5f777000-7f0d5f778000 r--p 00002000 08:17 813275                     /usr/lib/jvm/java-7-openjdk-amd64/jre/lib/amd64/libnpt.so
7f0d5f778000-7f0d5f779000 rw-p 00003000 08:17 813275                     /usr/lib/jvm/java-7-openjdk-amd64/jre/lib/amd64/libnpt.so
7f0d5f779000-7f0d5f7b4000 r-xp 00000000 08:17 813292                     /usr/lib/jvm/java-7-openjdk-amd64/jre/lib/amd64/libjdwp.so
7f0d5f7b4000-7f0d5f9b3000 ---p 0003b000 08:17 813292                     /usr/lib/jvm/java-7-openjdk-amd64/jre/lib/amd64/libjdwp.so
7f0d5f9b3000-7f0d5f9b4000 r--p 0003a000 08:17 813292                     /usr/lib/jvm/java-7-openjdk-amd64/jre/lib/amd64/libjdwp.so
7f0d5f9b4000-7f0d5f9b5000 rw-p 0003b000 08:17 813292                     /usr/lib/jvm/java-7-openjdk-amd64/jre/lib/amd64/libjdwp.so
7f0d5f9b5000-7f0d5f9b6000 rw-p 00000000 00:00 0 
7f0d5f9b6000-7f0d5f9e3000 r-xp 00000000 08:17 813291                     /usr/lib/jvm/java-7-openjdk-amd64/jre/lib/amd64/libjava.so
7f0d5f9e3000-7f0d5fbe2000 ---p 0002d000 08:17 813291                     /usr/lib/jvm/java-7-openjdk-amd64/jre/lib/amd64/libjava.so
7f0d5fbe2000-7f0d5fbe3000 r--p 0002c000 08:17 813291                     /usr/lib/jvm/java-7-openjdk-amd64/jre/lib/amd64/libjava.so
7f0d5fbe3000-7f0d5fbe5000 rw-p 0002d000 08:17 813291                     /usr/lib/jvm/java-7-openjdk-amd64/jre/lib/amd64/libjava.so
7f0d5fbe5000-7f0d5fbf6000 r-xp 00000000 08:17 813294                     /usr/lib/jvm/java-7-openjdk-amd64/jre/lib/amd64/libverify.so
7f0d5fbf6000-7f0d5fdf5000 ---p 00011000 08:17 813294                     /usr/lib/jvm/java-7-openjdk-amd64/jre/lib/amd64/libverify.so
7f0d5fdf5000-7f0d5fdf7000 r--p 00010000 08:17 813294                     /usr/lib/jvm/java-7-openjdk-amd64/jre/lib/amd64/libverify.so
7f0d5fdf7000-7f0d5fdf8000 rw-p 00012000 08:17 813294                     /usr/lib/jvm/java-7-openjdk-amd64/jre/lib/amd64/libverify.so
7f0d5fdf8000-7f0d5fdff000 r-xp 00000000 08:17 938733                     /lib/x86_64-linux-gnu/librt-2.19.so
7f0d5fdff000-7f0d5fffe000 ---p 00007000 08:17 938733                     /lib/x86_64-linux-gnu/librt-2.19.so
7f0d5fffe000-7f0d5ffff000 r--p 00006000 08:17 938733                     /lib/x86_64-linux-gnu/librt-2.19.so
7f0d5ffff000-7f0d60000000 rw-p 00007000 08:17 938733                     /lib/x86_64-linux-gnu/librt-2.19.so
7f0d60000000-7f0d60765000 rw-p 00000000 00:00 0 
7f0d60765000-7f0d64000000 ---p 00000000 00:00 0 
7f0d64000000-7f0d64007000 r--s 0003f000 08:17 939831                     /home/will/git/Crisis/Backend/Scrape/lib/commons-codec-1.10.jar
7f0d64007000-7f0d6401d000 r-xp 00000000 08:17 918935                     /lib/x86_64-linux-gnu/libgcc_s.so.1
7f0d6401d000-7f0d6421c000 ---p 00016000 08:17 918935                     /lib/x86_64-linux-gnu/libgcc_s.so.1
7f0d6421c000-7f0d6421d000 r--p 00015000 08:17 918935                     /lib/x86_64-linux-gnu/libgcc_s.so.1
7f0d6421d000-7f0d6421e000 rw-p 00016000 08:17 918935                     /lib/x86_64-linux-gnu/libgcc_s.so.1
7f0d6421e000-7f0d64323000 r-xp 00000000 08:17 918469                     /lib/x86_64-linux-gnu/libm-2.19.so
7f0d64323000-7f0d64522000 ---p 00105000 08:17 918469                     /lib/x86_64-linux-gnu/libm-2.19.so
7f0d64522000-7f0d64523000 r--p 00104000 08:17 918469                     /lib/x86_64-linux-gnu/libm-2.19.so
7f0d64523000-7f0d64524000 rw-p 00105000 08:17 918469                     /lib/x86_64-linux-gnu/libm-2.19.so
7f0d64524000-7f0d64614000 r-xp 00000000 08:17 796262                     /usr/lib/x86_64-linux-gnu/libstdc++.so.6.0.20
7f0d64614000-7f0d64814000 ---p 000f0000 08:17 796262                     /usr/lib/x86_64-linux-gnu/libstdc++.so.6.0.20
7f0d64814000-7f0d6481c000 r--p 000f0000 08:17 796262                     /usr/lib/x86_64-linux-gnu/libstdc++.so.6.0.20
7f0d6481c000-7f0d6481e000 rw-p 000f8000 08:17 796262                     /usr/lib/x86_64-linux-gnu/libstdc++.so.6.0.20
7f0d6481e000-7f0d64833000 rw-p 00000000 00:00 0 
7f0d64833000-7f0d65383000 r-xp 00000000 08:17 813304                     /usr/lib/jvm/java-7-openjdk-amd64/jre/lib/amd64/server/libjvm.so
7f0d65383000-7f0d65582000 ---p 00b50000 08:17 813304                     /usr/lib/jvm/java-7-openjdk-amd64/jre/lib/amd64/server/libjvm.so
7f0d65582000-7f0d65621000 r--p 00b4f000 08:17 813304                     /usr/lib/jvm/java-7-openjdk-amd64/jre/lib/amd64/server/libjvm.so
7f0d65621000-7f0d65644000 rw-p 00bee000 08:17 813304                     /usr/lib/jvm/java-7-openjdk-amd64/jre/lib/amd64/server/libjvm.so
7f0d65644000-7f0d65671000 rw-p 00000000 00:00 0 
7f0d65671000-7f0d65689000 r-xp 00000000 08:17 919079                     /lib/x86_64-linux-gnu/libz.so.1.2.8
7f0d65689000-7f0d65888000 ---p 00018000 08:17 919079                     /lib/x86_64-linux-gnu/libz.so.1.2.8
7f0d65888000-7f0d65889000 r--p 00017000 08:17 919079                     /lib/x86_64-linux-gnu/libz.so.1.2.8
7f0d65889000-7f0d6588a000 rw-p 00018000 08:17 919079                     /lib/x86_64-linux-gnu/libz.so.1.2.8
7f0d6588a000-7f0d658a3000 r-xp 00000000 08:17 938720                     /lib/x86_64-linux-gnu/libpthread-2.19.so
7f0d658a3000-7f0d65aa2000 ---p 00019000 08:17 938720                     /lib/x86_64-linux-gnu/libpthread-2.19.so
7f0d65aa2000-7f0d65aa3000 r--p 00018000 08:17 938720                     /lib/x86_64-linux-gnu/libpthread-2.19.so
7f0d65aa3000-7f0d65aa4000 rw-p 00019000 08:17 938720                     /lib/x86_64-linux-gnu/libpthread-2.19.so
7f0d65aa4000-7f0d65aa8000 rw-p 00000000 00:00 0 
7f0d65aa8000-7f0d65aab000 r-xp 00000000 08:17 938719                     /lib/x86_64-linux-gnu/libdl-2.19.so
7f0d65aab000-7f0d65caa000 ---p 00003000 08:17 938719                     /lib/x86_64-linux-gnu/libdl-2.19.so
7f0d65caa000-7f0d65cab000 r--p 00002000 08:17 938719                     /lib/x86_64-linux-gnu/libdl-2.19.so
7f0d65cab000-7f0d65cac000 rw-p 00003000 08:17 938719                     /lib/x86_64-linux-gnu/libdl-2.19.so
7f0d65cac000-7f0d65e66000 r-xp 00000000 08:17 938731                     /lib/x86_64-linux-gnu/libc-2.19.so
7f0d65e66000-7f0d66065000 ---p 001ba000 08:17 938731                     /lib/x86_64-linux-gnu/libc-2.19.so
7f0d66065000-7f0d66069000 r--p 001b9000 08:17 938731                     /lib/x86_64-linux-gnu/libc-2.19.so
7f0d66069000-7f0d6606b000 rw-p 001bd000 08:17 938731                     /lib/x86_64-linux-gnu/libc-2.19.so
7f0d6606b000-7f0d66070000 rw-p 00000000 00:00 0 
7f0d66070000-7f0d6607d000 r-xp 00000000 08:17 813298                     /usr/lib/jvm/java-7-openjdk-amd64/jre/lib/amd64/jli/libjli.so
7f0d6607d000-7f0d6627c000 ---p 0000d000 08:17 813298                     /usr/lib/jvm/java-7-openjdk-amd64/jre/lib/amd64/jli/libjli.so
7f0d6627c000-7f0d6627d000 r--p 0000c000 08:17 813298                     /usr/lib/jvm/java-7-openjdk-amd64/jre/lib/amd64/jli/libjli.so
7f0d6627d000-7f0d6627e000 rw-p 0000d000 08:17 813298                     /usr/lib/jvm/java-7-openjdk-amd64/jre/lib/amd64/jli/libjli.so
7f0d6627e000-7f0d662a1000 r-xp 00000000 08:17 938726                     /lib/x86_64-linux-gnu/ld-2.19.so
7f0d662a1000-7f0d662a8000 r--s 00049000 08:17 939820                     /home/will/git/Crisis/Backend/Scrape/lib/cglib-nodep-2.1_3.jar
7f0d662a8000-7f0d662ad000 r--s 00037000 08:17 939837                     /home/will/git/Crisis/Backend/Scrape/lib/bsh-1.3.0.jar
7f0d662ad000-7f0d662b4000 r--s 0004e000 08:17 939824                     /home/will/git/Crisis/Backend/Scrape/lib/apache-mime4j-0.6.jar
7f0d662b4000-7f0d662b9000 r--s 00068000 08:17 954476                     /home/will/git/Crisis/Backend/Scrape/lib/antlr-2.7.7.jar
7f0d662b9000-7f0d662bd000 r--s 00034000 08:17 813330                     /usr/lib/jvm/java-7-openjdk-amd64/jre/lib/ext/sunjce_provider.jar
7f0d662bd000-7f0d662c1000 r--s 0003c000 08:17 813326                     /usr/lib/jvm/java-7-openjdk-amd64/jre/lib/ext/sunpkcs11.jar
7f0d662c1000-7f0d662cb000 rw-p 00000000 00:00 0 
7f0d662cb000-7f0d66381000 rw-p 00000000 00:00 0 
7f0d66381000-7f0d66384000 ---p 00000000 00:00 0 
7f0d66384000-7f0d66487000 rw-p 00000000 00:00 0                          [stack:4735]
7f0d66487000-7f0d66489000 r--s 0000c000 08:17 939840                     /home/will/git/Crisis/Backend/Scrape/lib/commons-exec-1.3.jar
7f0d66489000-7f0d6648a000 r--s 00002000 08:17 813329                     /usr/lib/jvm/java-7-openjdk-amd64/jre/lib/ext/dnsns.jar
7f0d6648a000-7f0d6648d000 r--s 00086000 08:17 813331                     /usr/lib/jvm/java-7-openjdk-amd64/jre/lib/ext/localedata.jar
7f0d6648d000-7f0d6648f000 r--s 00012000 08:17 813327                     /usr/lib/jvm/java-7-openjdk-amd64/jre/lib/ext/zipfs.jar
7f0d6648f000-7f0d66491000 r--s 00006000 08:17 150585                     /usr/share/java/java-atk-wrapper.jar
7f0d66491000-7f0d66494000 r--s 0000f000 08:17 813328                     /usr/lib/jvm/java-7-openjdk-amd64/jre/lib/ext/icedtea-sound.jar
7f0d66494000-7f0d6649c000 rw-s 00000000 08:17 557514                     /tmp/hsperfdata_will/4728
7f0d6649c000-7f0d6649d000 rw-p 00000000 00:00 0 
7f0d6649d000-7f0d6649e000 r--p 00000000 00:00 0 
7f0d6649e000-7f0d664a0000 rw-p 00000000 00:00 0 
7f0d664a0000-7f0d664a1000 r--p 00022000 08:17 938726                     /lib/x86_64-linux-gnu/ld-2.19.so
7f0d664a1000-7f0d664a2000 rw-p 00023000 08:17 938726                     /lib/x86_64-linux-gnu/ld-2.19.so
7f0d664a2000-7f0d664a3000 rw-p 00000000 00:00 0 
7ffea7113000-7ffea7135000 rw-p 00000000 00:00 0                          [stack]
7ffea7144000-7ffea7146000 r-xp 00000000 00:00 0                          [vdso]
7ffea7146000-7ffea7148000 r--p 00000000 00:00 0                          [vvar]
ffffffffff600000-ffffffffff601000 r-xp 00000000 00:00 0                  [vsyscall]

VM Arguments:
jvm_args: -agentlib:jdwp=transport=dt_socket,suspend=y,address=localhost:38027 -Dfile.encoding=UTF-8 
java_command: com.backend.main.Main
Launcher Type: SUN_STANDARD

Environment Variables:
PATH=/usr/local/sbin:/usr/local/bin:/usr/sbin:/usr/bin:/sbin:/bin:/usr/games:/usr/local/games
SHELL=/bin/bash
DISPLAY=:0

Signal Handlers:
SIGSEGV: [libjvm.so+0x983740], sa_mask[0]=0x7ffbfeff, sa_flags=0x10000004
SIGBUS: [libjvm.so+0x983740], sa_mask[0]=0x7ffbfeff, sa_flags=0x10000004
SIGFPE: [libjvm.so+0x7f0180], sa_mask[0]=0x7ffbfeff, sa_flags=0x10000004
SIGPIPE: SIG_IGN, sa_mask[0]=0x00000000, sa_flags=0x00000000
SIGXFSZ: [libjvm.so+0x7f0180], sa_mask[0]=0x7ffbfeff, sa_flags=0x10000004
SIGILL: [libjvm.so+0x7f0180], sa_mask[0]=0x7ffbfeff, sa_flags=0x10000004
SIGUSR1: SIG_DFL, sa_mask[0]=0x00000000, sa_flags=0x00000000
SIGUSR2: [libjvm.so+0x7f0000], sa_mask[0]=0x00000004, sa_flags=0x10000004
SIGHUP: [libjvm.so+0x7f0200], sa_mask[0]=0x7ffbfeff, sa_flags=0x10000004
SIGINT: [libjvm.so+0x7f0200], sa_mask[0]=0x7ffbfeff, sa_flags=0x10000004
SIGTERM: [libjvm.so+0x7f0200], sa_mask[0]=0x7ffbfeff, sa_flags=0x10000004
SIGQUIT: [libjvm.so+0x7f0200], sa_mask[0]=0x7ffbfeff, sa_flags=0x10000004
SIGTRAP: SIG_DFL, sa_mask[0]=0x00000000, sa_flags=0x00000000


---------------  S Y S T E M  ---------------

OS:Ubuntu 14.10 (utopic)
uname:Linux 3.16.0-44-generic #59-Ubuntu SMP Tue Jul 7 02:07:39 UTC 2015 x86_64
libc:glibc 2.19 NPTL 2.19 
rlimit: STACK 8192k, CORE 0k, NPROC 30578, NOFILE 4096, AS infinity
load average:1.60 0.61 0.43

/proc/meminfo:
MemTotal:        7850244 kB
MemFree:         3477444 kB
MemAvailable:    4665272 kB
Buffers:          110160 kB
Cached:          1915176 kB
SwapCached:            0 kB
Active:          2608800 kB
Inactive:        1533152 kB
Active(anon):    2119092 kB
Inactive(anon):   700236 kB
Active(file):     489708 kB
Inactive(file):   832916 kB
Unevictable:           0 kB
Mlocked:               0 kB
SwapTotal:       8056828 kB
SwapFree:        8056828 kB
Dirty:              4928 kB
Writeback:             0 kB
AnonPages:       2118720 kB
Mapped:           493768 kB
Shmem:            702688 kB
Slab:             103052 kB
SReclaimable:      68276 kB
SUnreclaim:        34776 kB
KernelStack:        9520 kB
PageTables:        37328 kB
NFS_Unstable:          0 kB
Bounce:                0 kB
WritebackTmp:          0 kB
CommitLimit:    11981948 kB
Committed_AS:    6651428 kB
VmallocTotal:   34359738367 kB
VmallocUsed:      427128 kB
VmallocChunk:   34359230624 kB
HardwareCorrupted:     0 kB
AnonHugePages:    811008 kB
HugePages_Total:       0
HugePages_Free:        0
HugePages_Rsvd:        0
HugePages_Surp:        0
Hugepagesize:       2048 kB
DirectMap4k:       85560 kB
DirectMap2M:     2729984 kB
DirectMap1G:     5242880 kB


CPU:total 4 (4 cores per cpu, 1 threads per core) family 6 model 60 stepping 3, cmov, cx8, fxsr, mmx, sse, sse2, sse3, ssse3, sse4.1, sse4.2, popcnt, avx, avx2, aes, erms, tsc, tscinvbit

/proc/cpuinfo:
processor	: 0
vendor_id	: GenuineIntel
cpu family	: 6
model		: 60
model name	: Intel(R) Core(TM) i5-4690K CPU @ 3.50GHz
stepping	: 3
microcode	: 0x9
cpu MHz		: 3848.769
cache size	: 6144 KB
physical id	: 0
siblings	: 4
core id		: 0
cpu cores	: 4
apicid		: 0
initial apicid	: 0
fpu		: yes
fpu_exception	: yes
cpuid level	: 13
wp		: yes
flags		: fpu vme de pse tsc msr pae mce cx8 apic sep mtrr pge mca cmov pat pse36 clflush dts acpi mmx fxsr sse sse2 ss ht tm pbe syscall nx pdpe1gb rdtscp lm constant_tsc arch_perfmon pebs bts rep_good nopl xtopology nonstop_tsc aperfmperf eagerfpu pni pclmulqdq dtes64 monitor ds_cpl vmx est tm2 ssse3 fma cx16 xtpr pdcm pcid sse4_1 sse4_2 x2apic movbe popcnt tsc_deadline_timer aes xsave avx f16c rdrand lahf_lm abm ida arat xsaveopt pln pts dtherm tpr_shadow vnmi flexpriority ept vpid fsgsbase tsc_adjust bmi1 hle avx2 smep bmi2 erms invpcid rtm
bogomips	: 6997.80
clflush size	: 64
cache_alignment	: 64
address sizes	: 39 bits physical, 48 bits virtual
power management:

processor	: 1
vendor_id	: GenuineIntel
cpu family	: 6
model		: 60
model name	: Intel(R) Core(TM) i5-4690K CPU @ 3.50GHz
stepping	: 3
microcode	: 0x9
cpu MHz		: 3798.593
cache size	: 6144 KB
physical id	: 0
siblings	: 4
core id		: 1
cpu cores	: 4
apicid		: 2
initial apicid	: 2
fpu		: yes
fpu_exception	: yes
cpuid level	: 13
wp		: yes
flags		: fpu vme de pse tsc msr pae mce cx8 apic sep mtrr pge mca cmov pat pse36 clflush dts acpi mmx fxsr sse sse2 ss ht tm pbe syscall nx pdpe1gb rdtscp lm constant_tsc arch_perfmon pebs bts rep_good nopl xtopology nonstop_tsc aperfmperf eagerfpu pni pclmulqdq dtes64 monitor ds_cpl vmx est tm2 ssse3 fma cx16 xtpr pdcm pcid sse4_1 sse4_2 x2apic movbe popcnt tsc_deadline_timer aes xsave avx f16c rdrand lahf_lm abm ida arat xsaveopt pln pts dtherm tpr_shadow vnmi flexpriority ept vpid fsgsbase tsc_adjust bmi1 hle avx2 smep bmi2 erms invpcid rtm
bogomips	: 6997.80
clflush size	: 64
cache_alignment	: 64
address sizes	: 39 bits physical, 48 bits virtual
power management:

processor	: 2
vendor_id	: GenuineIntel
cpu family	: 6
model		: 60
model name	: Intel(R) Core(TM) i5-4690K CPU @ 3.50GHz
stepping	: 3
microcode	: 0x9
cpu MHz		: 3831.269
cache size	: 6144 KB
physical id	: 0
siblings	: 4
core id		: 2
cpu cores	: 4
apicid		: 4
initial apicid	: 4
fpu		: yes
fpu_exception	: yes
cpuid level	: 13
wp		: yes
flags		: fpu vme de pse tsc msr pae mce cx8 apic sep mtrr pge mca cmov pat pse36 clflush dts acpi mmx fxsr sse sse2 ss ht tm pbe syscall nx pdpe1gb rdtscp lm constant_tsc arch_perfmon pebs bts rep_good nopl xtopology nonstop_tsc aperfmperf eagerfpu pni pclmulqdq dtes64 monitor ds_cpl vmx est tm2 ssse3 fma cx16 xtpr pdcm pcid sse4_1 sse4_2 x2apic movbe popcnt tsc_deadline_timer aes xsave avx f16c rdrand lahf_lm abm ida arat xsaveopt pln pts dtherm tpr_shadow vnmi flexpriority ept vpid fsgsbase tsc_adjust bmi1 hle avx2 smep bmi2 erms invpcid rtm
bogomips	: 6997.80
clflush size	: 64
cache_alignment	: 64
address sizes	: 39 bits physical, 48 bits virtual
power management:

processor	: 3
vendor_id	: GenuineIntel
cpu family	: 6
model		: 60
model name	: Intel(R) Core(TM) i5-4690K CPU @ 3.50GHz
stepping	: 3
microcode	: 0x9
cpu MHz		: 3820.878
cache size	: 6144 KB
physical id	: 0
siblings	: 4
core id		: 3
cpu cores	: 4
apicid		: 6
initial apicid	: 6
fpu		: yes
fpu_exception	: yes
cpuid level	: 13
wp		: yes
flags		: fpu vme de pse tsc msr pae mce cx8 apic sep mtrr pge mca cmov pat pse36 clflush dts acpi mmx fxsr sse sse2 ss ht tm pbe syscall nx pdpe1gb rdtscp lm constant_tsc arch_perfmon pebs bts rep_good nopl xtopology nonstop_tsc aperfmperf eagerfpu pni pclmulqdq dtes64 monitor ds_cpl vmx est tm2 ssse3 fma cx16 xtpr pdcm pcid sse4_1 sse4_2 x2apic movbe popcnt tsc_deadline_timer aes xsave avx f16c rdrand lahf_lm abm ida arat xsaveopt pln pts dtherm tpr_shadow vnmi flexpriority ept vpid fsgsbase tsc_adjust bmi1 hle avx2 smep bmi2 erms invpcid rtm
bogomips	: 6997.80
clflush size	: 64
cache_alignment	: 64
address sizes	: 39 bits physical, 48 bits virtual
power management:



Memory: 4k page, physical 7850244k(3477444k free), swap 8056828k(8056828k free)

vm_info: OpenJDK 64-Bit Server VM (24.79-b02) for linux-amd64 JRE (1.7.0_79-b14), built on Apr 16 2015 08:25:58 by "buildd" with gcc 4.9.1

time: Fri Oct 16 22:09:05 2015
elapsed time: 769 seconds

