#
# A fatal error has been detected by the Java Runtime Environment:
#
#  SIGSEGV (0xb) at pc=0x00007f74209f38e8, pid=12521, tid=140136925452032
#
# JRE version: OpenJDK Runtime Environment (7.0_79-b14) (build 1.7.0_79-b14)
# Java VM: OpenJDK 64-Bit Server VM (24.79-b02 mixed mode linux-amd64 compressed oops)
# Derivative: IcedTea 2.5.5
# Distribution: Ubuntu 14.10, package 7u79-2.5.5-0ubuntu0.14.10.2
# Problematic frame:
# j  com.backend.authenticator.Authenticator.getSchedule()Ljava/lang/String;+0
#
# Failed to write core dump. Core dumps have been disabled. To enable core dumping, try "ulimit -c unlimited" before starting Java again
#
# If you would like to submit a bug report, please include
# instructions on how to reproduce the bug and visit:
#   http://icedtea.classpath.org/bugzilla
#

---------------  T H R E A D  ---------------

Current thread (0x00007f742400e000):  JavaThread "main" [_thread_in_Java, id=12527, stack(0x00007f742b995000,0x00007f742ba96000)]

siginfo:si_signo=SIGSEGV: si_errno=0, si_code=1 (SEGV_MAPERR), si_addr=0x00000000000c0000

Registers:
RAX=0x00000007d8267450, RBX=0x00007f742ba94928, RCX=0x00000000000c0000, RDX=0x00000007d8268900
RSP=0x00000007d82671f0, RBP=0x00007f742ba94968, RSI=0x00000007d8267450, RDI=0x0000000000000000
R8 =0x00007f74209df000, R9 =0x746f7073746f682f, R10=0x0000000000000000, R11=0x0000000000000000
R12=0x0000000000000000, R13=0x000000077df6dc28, R14=0x00007f742ba949a8, R15=0x00007f742400e000
RIP=0x00007f74209f38e8, EFLAGS=0x0000000000010206, CSGSFS=0x0000000000000033, ERR=0x0000000000000004
  TRAPNO=0x000000000000000e

Top of Stack: (sp=0x00000007d82671f0)
0x00000007d82671f0:   0000000000000001 0000000000000000
0x00000007d8267200:   fb04ce3efb04ce42 0000000000000000
0x00000007d8267210:   0000000000000001 0000000000000000
0x00000007d8267220:   0000000000000000 0000000000000000
0x00000007d8267230:   0000000defb800bb 0000000000000000
0x00000007d8267240:   00200065006e0069 0000000000000000
0x00000007d8267250:   0000000000000064 0000000000000000
0x00000007d8267260:   00000003efb9788f 0000000000000000
0x00000007d8267270:   0000000000000000 0000000000000000
0x00000007d8267280:   00000020efb9788f 0000000000000000
0x00000007d8267290:   efbd6e74efbedba5 0000000000000000
0x00000007d82672a0:   0000000000000000 0000000000000000
0x00000007d82672b0:   0000000000000000 0000000000000000
0x00000007d82672c0:   0000000000000000 0000000000000000
0x00000007d82672d0:   0000000000000000 0000000000000000
0x00000007d82672e0:   0000000000000000 0000000000000000
0x00000007d82672f0:   0000000000000000 0000000000000000
0x00000007d8267300:   0000000000000000 0000000000000000
0x00000007d8267310:   00000020efb801c7 0000000000000000
0x00000007d8267320:   0000000000000000 0000000000000000
0x00000007d8267330:   0000000000000000 0000000000000000
0x00000007d8267340:   0000000000000000 0000000000000000
0x00000007d8267350:   0000000000000000 0000000000000000
0x00000007d8267360:   00000000efb97aa2 0000000000000000
0x00000007d8267370:   0000000000000000 0000000000000000
0x00000007d8267380:   fb04ce73efb86447 0000000000000000
0x00000007d8267390:   0000000000000000 0000000000000000
0x00000007d82673a0:   00000003efb9788f 0000000000000000
0x00000007d82673b0:   0000000000000000 0000000000000000
0x00000007d82673c0:   00000020efb9788f 0000000000000000
0x00000007d82673d0:   0000000000000000 0000000000000000
0x00000007d82673e0:   0000000000000000 0000000000000000 

Instructions: (pc=0x00007f74209f38e8)
0x00007f74209f38c8:   48 8b 75 c0 48 8d 5d c0 e9 82 02 00 00 4c 89 6d
0x00007f74209f38d8:   c8 48 8d 06 48 8b 4e 08 48 c7 46 08 00 00 00 00
0x00007f74209f38e8:   48 8b 11 48 83 e2 07 48 83 fa 05 0f 84 2f 01 00
0x00007f74209f38f8:   00 48 8b 10 48 85 d2 0f 84 23 01 00 00 f0 48 0f 

Register to memory mapping:

RAX=0x00000007d8267450 is an unknown value
RBX=0x00007f742ba94928 is pointing into the stack for thread: 0x00007f742400e000
RCX=0x00000000000c0000 is an unknown value
RDX=0x00000007d8268900 is an oop

[error occurred during error reporting (printing register info), id 0xb]

Stack: [0x00007f742b995000,0x00007f742ba96000],  sp=0x00000007d82671f0,  free space=18014261689918280k
Native frames: (J=compiled Java code, j=interpreted, Vv=VM code, C=native code)
j  com.backend.authenticator.Authenticator.getSchedule()Ljava/lang/String;+0
j  com.backend.main.Main.main([Ljava/lang/String;)V+12
v  ~StubRoutines::call_stub
V  [libjvm.so+0x5fc5b4]  JavaCalls::call_helper(JavaValue*, methodHandle*, JavaCallArguments*, Thread*)+0x354
V  [libjvm.so+0x5fc028]  JavaCalls::call(JavaValue*, methodHandle, JavaCallArguments*, Thread*)+0x28
V  [libjvm.so+0x60b756]  jni_invoke_static(JNIEnv_*, JavaValue*, _jobject*, JNICallType, _jmethodID*, JNI_ArgumentPusher*, Thread*) [clone .isra.61]+0x276
V  [libjvm.so+0x61e809]  jni_CallStaticVoidMethod+0x109
C  [libjli.so+0x33c3]


---------------  P R O C E S S  ---------------

Java Threads: ( => current thread )
  0x00007f74240c5800 JavaThread "Service Thread" daemon [_thread_blocked, id=12548, stack(0x00007f741dc80000,0x00007f741dd81000)]
  0x00007f74240c3000 JavaThread "C2 CompilerThread1" daemon [_thread_blocked, id=12547, stack(0x00007f741dd81000,0x00007f741de82000)]
  0x00007f74240c0000 JavaThread "C2 CompilerThread0" daemon [_thread_blocked, id=12546, stack(0x00007f741de82000,0x00007f741df83000)]
  0x00007f73f0001000 JavaThread "JDWP Command Reader" daemon [_thread_in_native, id=12543, stack(0x00007f741df83000,0x00007f741e084000)]
  0x00007f74240be000 JavaThread "JDWP Event Helper Thread" daemon [_thread_blocked, id=12541, stack(0x00007f741e084000,0x00007f741e185000)]
  0x00007f74240ba000 JavaThread "JDWP Transport Listener: dt_socket" daemon [_thread_blocked, id=12539, stack(0x00007f741e185000,0x00007f741e286000)]
  0x00007f74240ac800 JavaThread "Signal Dispatcher" daemon [_thread_blocked, id=12537, stack(0x00007f741e48b000,0x00007f741e58c000)]
  0x00007f7424080000 JavaThread "Finalizer" daemon [_thread_blocked, id=12535, stack(0x00007f741e58c000,0x00007f741e68d000)]
  0x00007f742407e000 JavaThread "Reference Handler" daemon [_thread_blocked, id=12534, stack(0x00007f741e68d000,0x00007f741e78e000)]
=>0x00007f742400e000 JavaThread "main" [_thread_in_Java, id=12527, stack(0x00007f742b995000,0x00007f742ba96000)]

Other Threads:
  0x00007f7424079800 VMThread [stack: 0x00007f741e78e000,0x00007f741e88f000] [id=12533]
  0x00007f74240d0800 WatcherThread [stack: 0x00007f741db7f000,0x00007f741dc80000] [id=12549]

VM state:not at safepoint (normal execution)

VM Mutex/Monitor currently owned by a thread: None

Heap
 PSYoungGen      total 35840K, used 2461K [0x00000007d8080000, 0x00000007da880000, 0x0000000800000000)
  eden space 30720K, 8% used [0x00000007d8080000,0x00000007d82e7510,0x00000007d9e80000)
  from space 5120K, 0% used [0x00000007da380000,0x00000007da380000,0x00000007da880000)
  to   space 5120K, 0% used [0x00000007d9e80000,0x00000007d9e80000,0x00000007da380000)
 ParOldGen       total 81408K, used 0K [0x0000000788200000, 0x000000078d180000, 0x00000007d8080000)
  object space 81408K, 0% used [0x0000000788200000,0x0000000788200000,0x000000078d180000)
 PSPermGen       total 21504K, used 3637K [0x000000077dc00000, 0x000000077f100000, 0x0000000788200000)
  object space 21504K, 16% used [0x000000077dc00000,0x000000077df8d768,0x000000077f100000)

Card table byte_map: [0x00007f74205cc000,0x00007f74209df000] byte_map_base: 0x00007f741c9de000

Polling page: 0x00007f742bab1000

Code Cache  [0x00007f74209df000, 0x00007f7420c4f000, 0x00007f74239df000)
 total_blobs=193 nmethods=9 adapters=146 free_code_cache=48753Kb largest_free_block=49900288

Compilation events (10 events):
Event: 1.401 Thread 0x00007f74240c3000    5             java.io.UnixFileSystem::normalize (75 bytes)
Event: 1.404 Thread 0x00007f74240c0000    6             java.lang.Math::max (11 bytes)
Event: 1.404 Thread 0x00007f74240c0000 nmethod 6 0x00007f7420a41cd0 code [0x00007f7420a41e00, 0x00007f7420a41e58]
Event: 1.404 Thread 0x00007f74240c0000    7             java.util.jar.JarFile::hasClassPathAttribute (168 bytes)
Event: 1.405 Thread 0x00007f74240c3000 nmethod 5 0x00007f7420a3f8d0 code [0x00007f7420a3fa40, 0x00007f7420a3fd18]
Event: 1.405 Thread 0x00007f74240c3000    8             java.lang.String::lastIndexOf (52 bytes)
Event: 1.407 Thread 0x00007f74240c3000 nmethod 8 0x00007f7420a3f4d0 code [0x00007f7420a3f620, 0x00007f7420a3f7c8]
Event: 1.409 Thread 0x00007f74240c0000 nmethod 7 0x00007f7420a43010 code [0x00007f7420a431a0, 0x00007f7420a435a8]
Event: 1.414 Thread 0x00007f74240c3000    9             java.lang.String::indexOf (166 bytes)
Event: 1.423 Thread 0x00007f74240c3000 nmethod 9 0x00007f7420a42710 code [0x00007f7420a42860, 0x00007f7420a42d58]

GC Heap History (0 events):
No events

Deoptimization events (0 events):
No events

Internal exceptions (10 events):
Event: 29.594 Thread 0x00007f742400e000 Threw 0x00000007d8267eb8 at /build/buildd/openjdk-7-7u79-2.5.5/build/openjdk/hotspot/src/share/vm/runtime/javaCalls.cpp:398
Event: 29.594 Thread 0x00007f742400e000 Threw 0x00000007d8267ff8 at /build/buildd/openjdk-7-7u79-2.5.5/build/openjdk/hotspot/src/share/vm/runtime/javaCalls.cpp:398
Event: 29.594 Thread 0x00007f742400e000 Threw 0x00000007d8268138 at /build/buildd/openjdk-7-7u79-2.5.5/build/openjdk/hotspot/src/share/vm/runtime/javaCalls.cpp:398
Event: 29.594 Thread 0x00007f742400e000 Threw 0x00000007d8268278 at /build/buildd/openjdk-7-7u79-2.5.5/build/openjdk/hotspot/src/share/vm/runtime/javaCalls.cpp:398
Event: 29.594 Thread 0x00007f742400e000 Threw 0x00000007d82683b8 at /build/buildd/openjdk-7-7u79-2.5.5/build/openjdk/hotspot/src/share/vm/runtime/javaCalls.cpp:398
Event: 29.594 Thread 0x00007f742400e000 Threw 0x00000007d82684f8 at /build/buildd/openjdk-7-7u79-2.5.5/build/openjdk/hotspot/src/share/vm/runtime/javaCalls.cpp:398
Event: 29.594 Thread 0x00007f742400e000 Threw 0x00000007d8268638 at /build/buildd/openjdk-7-7u79-2.5.5/build/openjdk/hotspot/src/share/vm/runtime/javaCalls.cpp:398
Event: 29.594 Thread 0x00007f742400e000 Threw 0x00000007d8268778 at /build/buildd/openjdk-7-7u79-2.5.5/build/openjdk/hotspot/src/share/vm/runtime/javaCalls.cpp:398
Event: 29.594 Thread 0x00007f742400e000 Threw 0x00000007d82688b8 at /build/buildd/openjdk-7-7u79-2.5.5/build/openjdk/hotspot/src/share/vm/runtime/javaCalls.cpp:398
Event: 29.594 Thread 0x00007f742400e000 Threw 0x00000007d82689f8 at /build/buildd/openjdk-7-7u79-2.5.5/build/openjdk/hotspot/src/share/vm/runtime/javaCalls.cpp:398

Events (10 events):
Event: 1.446 Executing VM operation: GetOrSetLocal
Event: 1.446 Executing VM operation: GetOrSetLocal done
Event: 4.125 Executing VM operation: EnableBiasedLocking
Event: 4.125 Executing VM operation: EnableBiasedLocking done
Event: 29.594 Executing VM operation: GetCurrentLocation
Event: 29.594 Executing VM operation: GetCurrentLocation done
Event: 29.594 Executing VM operation: EnterInterpOnlyMode
Event: 29.594 Executing VM operation: EnterInterpOnlyMode done
Event: 29.594 Executing VM operation: ChangeSingleStep
Event: 29.594 Executing VM operation: ChangeSingleStep done


Dynamic libraries:
00400000-00401000 r-xp 00000000 08:17 813241                             /usr/lib/jvm/java-7-openjdk-amd64/jre/bin/java
00600000-00601000 r--p 00000000 08:17 813241                             /usr/lib/jvm/java-7-openjdk-amd64/jre/bin/java
00601000-00602000 rw-p 00001000 08:17 813241                             /usr/lib/jvm/java-7-openjdk-amd64/jre/bin/java
01192000-011b3000 rw-p 00000000 00:00 0                                  [heap]
77dc00000-77f100000 rw-p 00000000 00:00 0 
77f100000-788200000 rw-p 00000000 00:00 0 
788200000-78d180000 rw-p 00000000 00:00 0 
78d180000-7d8080000 rw-p 00000000 00:00 0 
7d8080000-7da880000 rw-p 00000000 00:00 0 
7da880000-800000000 rw-p 00000000 00:00 0 
7f73d4000000-7f73d4021000 rw-p 00000000 00:00 0 
7f73d4021000-7f73d8000000 ---p 00000000 00:00 0 
7f73d8000000-7f73d8021000 rw-p 00000000 00:00 0 
7f73d8021000-7f73dc000000 ---p 00000000 00:00 0 
7f73dc000000-7f73dc0ac000 rw-p 00000000 00:00 0 
7f73dc0ac000-7f73e0000000 ---p 00000000 00:00 0 
7f73e0000000-7f73e008a000 rw-p 00000000 00:00 0 
7f73e008a000-7f73e4000000 ---p 00000000 00:00 0 
7f73e4000000-7f73e4021000 rw-p 00000000 00:00 0 
7f73e4021000-7f73e8000000 ---p 00000000 00:00 0 
7f73e8000000-7f73e8021000 rw-p 00000000 00:00 0 
7f73e8021000-7f73ec000000 ---p 00000000 00:00 0 
7f73ec000000-7f73ec021000 rw-p 00000000 00:00 0 
7f73ec021000-7f73f0000000 ---p 00000000 00:00 0 
7f73f0000000-7f73f0021000 rw-p 00000000 00:00 0 
7f73f0021000-7f73f4000000 ---p 00000000 00:00 0 
7f73f4000000-7f73f4021000 rw-p 00000000 00:00 0 
7f73f4021000-7f73f8000000 ---p 00000000 00:00 0 
7f73f8000000-7f73f8021000 rw-p 00000000 00:00 0 
7f73f8021000-7f73fc000000 ---p 00000000 00:00 0 
7f73fc000000-7f73fc021000 rw-p 00000000 00:00 0 
7f73fc021000-7f7400000000 ---p 00000000 00:00 0 
7f7400000000-7f7400021000 rw-p 00000000 00:00 0 
7f7400021000-7f7404000000 ---p 00000000 00:00 0 
7f7404000000-7f7404021000 rw-p 00000000 00:00 0 
7f7404021000-7f7408000000 ---p 00000000 00:00 0 
7f740be28000-7f740ff48000 rw-p 00000000 00:00 0 
7f7410000000-7f7410021000 rw-p 00000000 00:00 0 
7f7410021000-7f7414000000 ---p 00000000 00:00 0 
7f7418000000-7f7418021000 rw-p 00000000 00:00 0 
7f7418021000-7f741c000000 ---p 00000000 00:00 0 
7f741d75b000-7f741d996000 rw-p 00000000 00:00 0 
7f741d996000-7f741d9a9000 r--s 0039d000 08:17 939803                     /home/will/git/Crisis/Backend/Scrape/lib/selenium-java-2.47.1.jar
7f741d9a9000-7f741d9b6000 r--s 00099000 08:17 939836                     /home/will/git/Crisis/Backend/Scrape/lib/selenium-java-2.47.1-srcs.jar
7f741d9b6000-7f741d9b7000 r--s 00003000 08:17 939811                     /home/will/git/Crisis/Backend/Scrape/lib/sac-1.3.jar
7f741d9b7000-7f741d9b8000 r--s 00002000 08:17 939839                     /home/will/git/Crisis/Backend/Scrape/lib/phantomjsdriver-1.2.1.jar
7f741d9b8000-7f741d9ce000 r--s 000f9000 08:17 939797                     /home/will/git/Crisis/Backend/Scrape/lib/netty-3.5.7.Final.jar
7f741d9ce000-7f741d9d0000 r--s 0001d000 08:17 939804                     /home/will/git/Crisis/Backend/Scrape/lib/nekohtml-1.9.22.jar
7f741d9d0000-7f741d9d8000 r--s 00045000 08:17 939805                     /home/will/git/Crisis/Backend/Scrape/lib/junit-4.12.jar
7f741d9d8000-7f741d9e9000 r--s 00155000 08:17 939817                     /home/will/git/Crisis/Backend/Scrape/lib/jna-platform-4.1.0.jar
7f741d9e9000-7f741d9ed000 r--s 000dc000 08:17 939826                     /home/will/git/Crisis/Backend/Scrape/lib/jna-4.1.0.jar
7f741d9ed000-7f741d9f3000 r--s 00052000 08:17 939823                     /home/will/git/Crisis/Backend/Scrape/lib/jetty-util-9.2.11.v20150529.jar
7f741d9f3000-7f741d9f6000 r--s 00018000 08:17 939830                     /home/will/git/Crisis/Backend/Scrape/lib/jetty-io-9.2.11.v20150529.jar
7f741d9f6000-7f741d9f8000 r--s 0000c000 08:17 939818                     /home/will/git/Crisis/Backend/Scrape/lib/jcommander-1.29.jar
7f741d9f8000-7f741d9fa000 r--s 00005000 08:17 954460                     /home/will/git/Crisis/Backend/Scrape/lib/jboss-transaction-api_1.1_spec-1.0.1.Final.jar
7f741d9fa000-7f741d9fc000 r--s 0000d000 08:17 954298                     /home/will/git/Crisis/Backend/Scrape/lib/jboss-logging-3.1.0.GA.jar
7f741d9fc000-7f741da06000 r--s 000a5000 08:17 954297                     /home/will/git/Crisis/Backend/Scrape/lib/javassist-3.18.1-GA.jar
7f741da06000-7f741da08000 r--s 00012000 08:17 954296                     /home/will/git/Crisis/Backend/Scrape/lib/jandex-1.2.2.Final.jar
7f741da08000-7f741da09000 r--s 00009000 08:17 939835                     /home/will/git/Crisis/Backend/Scrape/lib/httpmime-4.4.1.jar
7f741da09000-7f741da10000 r--s 00048000 08:17 939798                     /home/will/git/Crisis/Backend/Scrape/lib/httpcore-4.4.1.jar
7f741da10000-7f741da1e000 r--s 000fc000 08:17 939828                     /home/will/git/Crisis/Backend/Scrape/lib/htmlunit-core-js-2.17.jar
7f741da1e000-7f741dad6000 r--s 00a96000 08:17 939819                     /home/will/git/Crisis/Backend/Scrape/lib/htmlunit-2.18-OSGi.jar
7f741dad6000-7f741dadb000 r--s 00015000 08:17 954479                     /home/will/git/Crisis/Backend/Scrape/lib/hibernate-jpa-2.0-api-1.0.1.Final.jar
7f741dadb000-7f741db2c000 r--s 0042b000 08:17 954478                     /home/will/git/Crisis/Backend/Scrape/lib/hibernate-core-4.2.20.Final.jar
7f741db2c000-7f741db2f000 r--s 00011000 08:17 954477                     /home/will/git/Crisis/Backend/Scrape/lib/hibernate-commons-annotations-4.0.2.Final.jar
7f741db2f000-7f741db30000 r--s 0000c000 08:17 939809                     /home/will/git/Crisis/Backend/Scrape/lib/hamcrest-library-1.3.jar
7f741db30000-7f741db32000 r--s 00009000 08:17 939832                     /home/will/git/Crisis/Backend/Scrape/lib/hamcrest-core-1.3.jar
7f741db32000-7f741db5d000 r--s 001fc000 08:17 939814                     /home/will/git/Crisis/Backend/Scrape/lib/guava-18.0.jar
7f741db5d000-7f741db62000 r--s 0002f000 08:17 939806                     /home/will/git/Crisis/Backend/Scrape/lib/gson-2.3.1.jar
7f741db62000-7f741db67000 r--s 00048000 08:17 954291                     /home/will/git/Crisis/Backend/Scrape/lib/dom4j-1.6.1.jar
7f741db67000-7f741db6a000 r--s 0005a000 08:17 939801                     /home/will/git/Crisis/Backend/Scrape/lib/cssparser-0.9.16.jar
7f741db6a000-7f741db71000 r--s 00064000 08:17 939829                     /home/will/git/Crisis/Backend/Scrape/lib/commons-lang3-3.4.jar
7f741db71000-7f741db7f000 r--s 0007f000 08:17 939810                     /home/will/git/Crisis/Backend/Scrape/lib/commons-collections-3.2.1.jar
7f741db7f000-7f741db80000 ---p 00000000 00:00 0 
7f741db80000-7f741dc80000 rw-p 00000000 00:00 0                          [stack:12549]
7f741dc80000-7f741dc83000 ---p 00000000 00:00 0 
7f741dc83000-7f741dd81000 rw-p 00000000 00:00 0                          [stack:12548]
7f741dd81000-7f741dd84000 ---p 00000000 00:00 0 
7f741dd84000-7f741de82000 rw-p 00000000 00:00 0                          [stack:12547]
7f741de82000-7f741de85000 ---p 00000000 00:00 0 
7f741de85000-7f741df83000 rw-p 00000000 00:00 0                          [stack:12546]
7f741df83000-7f741df86000 ---p 00000000 00:00 0 
7f741df86000-7f741e084000 rw-p 00000000 00:00 0                          [stack:12543]
7f741e084000-7f741e087000 ---p 00000000 00:00 0 
7f741e087000-7f741e185000 rw-p 00000000 00:00 0                          [stack:12541]
7f741e185000-7f741e188000 ---p 00000000 00:00 0 
7f741e188000-7f741e286000 rw-p 00000000 00:00 0                          [stack:12539]
7f741e286000-7f741e28a000 r-xp 00000000 08:17 813287                     /usr/lib/jvm/java-7-openjdk-amd64/jre/lib/amd64/libdt_socket.so
7f741e28a000-7f741e489000 ---p 00004000 08:17 813287                     /usr/lib/jvm/java-7-openjdk-amd64/jre/lib/amd64/libdt_socket.so
7f741e489000-7f741e48a000 r--p 00003000 08:17 813287                     /usr/lib/jvm/java-7-openjdk-amd64/jre/lib/amd64/libdt_socket.so
7f741e48a000-7f741e48b000 rw-p 00004000 08:17 813287                     /usr/lib/jvm/java-7-openjdk-amd64/jre/lib/amd64/libdt_socket.so
7f741e48b000-7f741e48e000 ---p 00000000 00:00 0 
7f741e48e000-7f741e58c000 rw-p 00000000 00:00 0                          [stack:12537]
7f741e58c000-7f741e58f000 ---p 00000000 00:00 0 
7f741e58f000-7f741e68d000 rw-p 00000000 00:00 0                          [stack:12535]
7f741e68d000-7f741e690000 ---p 00000000 00:00 0 
7f741e690000-7f741e78e000 rw-p 00000000 00:00 0                          [stack:12534]
7f741e78e000-7f741e78f000 ---p 00000000 00:00 0 
7f741e78f000-7f741f88c000 rw-p 00000000 00:00 0                          [stack:12533]
7f741f88c000-7f741fa3d000 r--s 01d27000 08:17 813313                     /usr/lib/jvm/java-7-openjdk-amd64/jre/lib/rt.jar
7f741fa3d000-7f741ff48000 rw-p 00000000 00:00 0 
7f741ff48000-7f741ff49000 ---p 00000000 00:00 0 
7f741ff49000-7f7420049000 rw-p 00000000 00:00 0                          [stack:12531]
7f7420049000-7f742004a000 ---p 00000000 00:00 0 
7f742004a000-7f742014a000 rw-p 00000000 00:00 0                          [stack:12530]
7f742014a000-7f742014b000 ---p 00000000 00:00 0 
7f742014b000-7f742024b000 rw-p 00000000 00:00 0                          [stack:12529]
7f742024b000-7f742024c000 ---p 00000000 00:00 0 
7f742024c000-7f7420374000 rw-p 00000000 00:00 0                          [stack:12528]
7f7420374000-7f74205cc000 rw-p 00000000 00:00 0 
7f74205cc000-7f74205d7000 rw-p 00000000 00:00 0 
7f74205d7000-7f742061f000 rw-p 00000000 00:00 0 
7f742061f000-7f7420647000 rw-p 00000000 00:00 0 
7f7420647000-7f742089e000 rw-p 00000000 00:00 0 
7f742089e000-7f74208b3000 rw-p 00000000 00:00 0 
7f74208b3000-7f74209de000 rw-p 00000000 00:00 0 
7f74209de000-7f74209df000 rw-p 00000000 00:00 0 
7f74209df000-7f7420c4f000 rwxp 00000000 00:00 0 
7f7420c4f000-7f74239df000 rw-p 00000000 00:00 0 
7f74239df000-7f74239e7000 r-xp 00000000 08:17 813282                     /usr/lib/jvm/java-7-openjdk-amd64/jre/lib/amd64/libzip.so
7f74239e7000-7f7423be6000 ---p 00008000 08:17 813282                     /usr/lib/jvm/java-7-openjdk-amd64/jre/lib/amd64/libzip.so
7f7423be6000-7f7423be7000 r--p 00007000 08:17 813282                     /usr/lib/jvm/java-7-openjdk-amd64/jre/lib/amd64/libzip.so
7f7423be7000-7f7423be8000 rw-p 00008000 08:17 813282                     /usr/lib/jvm/java-7-openjdk-amd64/jre/lib/amd64/libzip.so
7f7423be8000-7f7423bf3000 r-xp 00000000 08:17 938730                     /lib/x86_64-linux-gnu/libnss_files-2.19.so
7f7423bf3000-7f7423df2000 ---p 0000b000 08:17 938730                     /lib/x86_64-linux-gnu/libnss_files-2.19.so
7f7423df2000-7f7423df3000 r--p 0000a000 08:17 938730                     /lib/x86_64-linux-gnu/libnss_files-2.19.so
7f7423df3000-7f7423df4000 rw-p 0000b000 08:17 938730                     /lib/x86_64-linux-gnu/libnss_files-2.19.so
7f7423df4000-7f7423dff000 r-xp 00000000 08:17 938732                     /lib/x86_64-linux-gnu/libnss_nis-2.19.so
7f7423dff000-7f7423ffe000 ---p 0000b000 08:17 938732                     /lib/x86_64-linux-gnu/libnss_nis-2.19.so
7f7423ffe000-7f7423fff000 r--p 0000a000 08:17 938732                     /lib/x86_64-linux-gnu/libnss_nis-2.19.so
7f7423fff000-7f7424000000 rw-p 0000b000 08:17 938732                     /lib/x86_64-linux-gnu/libnss_nis-2.19.so
7f7424000000-7f742431e000 rw-p 00000000 00:00 0 
7f742431e000-7f7428000000 ---p 00000000 00:00 0 
7f7428000000-7f7428001000 r--s 00003000 08:17 954292                     /home/will/git/Crisis/Backend/Scrape/lib/geronimo-jta_1.1_spec-1.1.1.jar
7f7428001000-7f7428003000 r--s 0000e000 08:17 939794                     /home/will/git/Crisis/Backend/Scrape/lib/commons-logging-1.1.3.jar
7f7428003000-7f7428007000 r--s 0002a000 08:17 939808                     /home/will/git/Crisis/Backend/Scrape/lib/commons-io-2.4.jar
7f7428007000-7f742800e000 r--s 0003f000 08:17 939831                     /home/will/git/Crisis/Backend/Scrape/lib/commons-codec-1.10.jar
7f742800e000-7f7428042000 rw-p 00000000 00:00 0 
7f7428042000-7f742808a000 rw-p 00000000 00:00 0 
7f742808a000-7f74280a1000 r-xp 00000000 08:17 938716                     /lib/x86_64-linux-gnu/libnsl-2.19.so
7f74280a1000-7f74282a0000 ---p 00017000 08:17 938716                     /lib/x86_64-linux-gnu/libnsl-2.19.so
7f74282a0000-7f74282a1000 r--p 00016000 08:17 938716                     /lib/x86_64-linux-gnu/libnsl-2.19.so
7f74282a1000-7f74282a2000 rw-p 00017000 08:17 938716                     /lib/x86_64-linux-gnu/libnsl-2.19.so
7f74282a2000-7f74282a4000 rw-p 00000000 00:00 0 
7f74282a4000-7f74282ad000 r-xp 00000000 08:17 938717                     /lib/x86_64-linux-gnu/libnss_compat-2.19.so
7f74282ad000-7f74284ac000 ---p 00009000 08:17 938717                     /lib/x86_64-linux-gnu/libnss_compat-2.19.so
7f74284ac000-7f74284ad000 r--p 00008000 08:17 938717                     /lib/x86_64-linux-gnu/libnss_compat-2.19.so
7f74284ad000-7f74284ae000 rw-p 00009000 08:17 938717                     /lib/x86_64-linux-gnu/libnss_compat-2.19.so
7f74284ae000-7f7428b90000 r--p 00000000 08:17 792764                     /usr/lib/locale/locale-archive
7f7428b90000-7f7428b93000 r-xp 00000000 08:17 813275                     /usr/lib/jvm/java-7-openjdk-amd64/jre/lib/amd64/libnpt.so
7f7428b93000-7f7428d92000 ---p 00003000 08:17 813275                     /usr/lib/jvm/java-7-openjdk-amd64/jre/lib/amd64/libnpt.so
7f7428d92000-7f7428d93000 r--p 00002000 08:17 813275                     /usr/lib/jvm/java-7-openjdk-amd64/jre/lib/amd64/libnpt.so
7f7428d93000-7f7428d94000 rw-p 00003000 08:17 813275                     /usr/lib/jvm/java-7-openjdk-amd64/jre/lib/amd64/libnpt.so
7f7428d94000-7f7428dcf000 r-xp 00000000 08:17 813292                     /usr/lib/jvm/java-7-openjdk-amd64/jre/lib/amd64/libjdwp.so
7f7428dcf000-7f7428fce000 ---p 0003b000 08:17 813292                     /usr/lib/jvm/java-7-openjdk-amd64/jre/lib/amd64/libjdwp.so
7f7428fce000-7f7428fcf000 r--p 0003a000 08:17 813292                     /usr/lib/jvm/java-7-openjdk-amd64/jre/lib/amd64/libjdwp.so
7f7428fcf000-7f7428fd0000 rw-p 0003b000 08:17 813292                     /usr/lib/jvm/java-7-openjdk-amd64/jre/lib/amd64/libjdwp.so
7f7428fd0000-7f7428fd1000 rw-p 00000000 00:00 0 
7f7428fd1000-7f7428ffe000 r-xp 00000000 08:17 813291                     /usr/lib/jvm/java-7-openjdk-amd64/jre/lib/amd64/libjava.so
7f7428ffe000-7f74291fd000 ---p 0002d000 08:17 813291                     /usr/lib/jvm/java-7-openjdk-amd64/jre/lib/amd64/libjava.so
7f74291fd000-7f74291fe000 r--p 0002c000 08:17 813291                     /usr/lib/jvm/java-7-openjdk-amd64/jre/lib/amd64/libjava.so
7f74291fe000-7f7429200000 rw-p 0002d000 08:17 813291                     /usr/lib/jvm/java-7-openjdk-amd64/jre/lib/amd64/libjava.so
7f7429200000-7f7429211000 r-xp 00000000 08:17 813294                     /usr/lib/jvm/java-7-openjdk-amd64/jre/lib/amd64/libverify.so
7f7429211000-7f7429410000 ---p 00011000 08:17 813294                     /usr/lib/jvm/java-7-openjdk-amd64/jre/lib/amd64/libverify.so
7f7429410000-7f7429412000 r--p 00010000 08:17 813294                     /usr/lib/jvm/java-7-openjdk-amd64/jre/lib/amd64/libverify.so
7f7429412000-7f7429413000 rw-p 00012000 08:17 813294                     /usr/lib/jvm/java-7-openjdk-amd64/jre/lib/amd64/libverify.so
7f7429413000-7f742941a000 r-xp 00000000 08:17 938733                     /lib/x86_64-linux-gnu/librt-2.19.so
7f742941a000-7f7429619000 ---p 00007000 08:17 938733                     /lib/x86_64-linux-gnu/librt-2.19.so
7f7429619000-7f742961a000 r--p 00006000 08:17 938733                     /lib/x86_64-linux-gnu/librt-2.19.so
7f742961a000-7f742961b000 rw-p 00007000 08:17 938733                     /lib/x86_64-linux-gnu/librt-2.19.so
7f742961b000-7f7429631000 r-xp 00000000 08:17 918935                     /lib/x86_64-linux-gnu/libgcc_s.so.1
7f7429631000-7f7429830000 ---p 00016000 08:17 918935                     /lib/x86_64-linux-gnu/libgcc_s.so.1
7f7429830000-7f7429831000 r--p 00015000 08:17 918935                     /lib/x86_64-linux-gnu/libgcc_s.so.1
7f7429831000-7f7429832000 rw-p 00016000 08:17 918935                     /lib/x86_64-linux-gnu/libgcc_s.so.1
7f7429832000-7f7429937000 r-xp 00000000 08:17 918469                     /lib/x86_64-linux-gnu/libm-2.19.so
7f7429937000-7f7429b36000 ---p 00105000 08:17 918469                     /lib/x86_64-linux-gnu/libm-2.19.so
7f7429b36000-7f7429b37000 r--p 00104000 08:17 918469                     /lib/x86_64-linux-gnu/libm-2.19.so
7f7429b37000-7f7429b38000 rw-p 00105000 08:17 918469                     /lib/x86_64-linux-gnu/libm-2.19.so
7f7429b38000-7f7429c28000 r-xp 00000000 08:17 796262                     /usr/lib/x86_64-linux-gnu/libstdc++.so.6.0.20
7f7429c28000-7f7429e28000 ---p 000f0000 08:17 796262                     /usr/lib/x86_64-linux-gnu/libstdc++.so.6.0.20
7f7429e28000-7f7429e30000 r--p 000f0000 08:17 796262                     /usr/lib/x86_64-linux-gnu/libstdc++.so.6.0.20
7f7429e30000-7f7429e32000 rw-p 000f8000 08:17 796262                     /usr/lib/x86_64-linux-gnu/libstdc++.so.6.0.20
7f7429e32000-7f7429e47000 rw-p 00000000 00:00 0 
7f7429e47000-7f742a997000 r-xp 00000000 08:17 813304                     /usr/lib/jvm/java-7-openjdk-amd64/jre/lib/amd64/server/libjvm.so
7f742a997000-7f742ab96000 ---p 00b50000 08:17 813304                     /usr/lib/jvm/java-7-openjdk-amd64/jre/lib/amd64/server/libjvm.so
7f742ab96000-7f742ac35000 r--p 00b4f000 08:17 813304                     /usr/lib/jvm/java-7-openjdk-amd64/jre/lib/amd64/server/libjvm.so
7f742ac35000-7f742ac58000 rw-p 00bee000 08:17 813304                     /usr/lib/jvm/java-7-openjdk-amd64/jre/lib/amd64/server/libjvm.so
7f742ac58000-7f742ac85000 rw-p 00000000 00:00 0 
7f742ac85000-7f742ac9d000 r-xp 00000000 08:17 919079                     /lib/x86_64-linux-gnu/libz.so.1.2.8
7f742ac9d000-7f742ae9c000 ---p 00018000 08:17 919079                     /lib/x86_64-linux-gnu/libz.so.1.2.8
7f742ae9c000-7f742ae9d000 r--p 00017000 08:17 919079                     /lib/x86_64-linux-gnu/libz.so.1.2.8
7f742ae9d000-7f742ae9e000 rw-p 00018000 08:17 919079                     /lib/x86_64-linux-gnu/libz.so.1.2.8
7f742ae9e000-7f742aeb7000 r-xp 00000000 08:17 938720                     /lib/x86_64-linux-gnu/libpthread-2.19.so
7f742aeb7000-7f742b0b6000 ---p 00019000 08:17 938720                     /lib/x86_64-linux-gnu/libpthread-2.19.so
7f742b0b6000-7f742b0b7000 r--p 00018000 08:17 938720                     /lib/x86_64-linux-gnu/libpthread-2.19.so
7f742b0b7000-7f742b0b8000 rw-p 00019000 08:17 938720                     /lib/x86_64-linux-gnu/libpthread-2.19.so
7f742b0b8000-7f742b0bc000 rw-p 00000000 00:00 0 
7f742b0bc000-7f742b0bf000 r-xp 00000000 08:17 938719                     /lib/x86_64-linux-gnu/libdl-2.19.so
7f742b0bf000-7f742b2be000 ---p 00003000 08:17 938719                     /lib/x86_64-linux-gnu/libdl-2.19.so
7f742b2be000-7f742b2bf000 r--p 00002000 08:17 938719                     /lib/x86_64-linux-gnu/libdl-2.19.so
7f742b2bf000-7f742b2c0000 rw-p 00003000 08:17 938719                     /lib/x86_64-linux-gnu/libdl-2.19.so
7f742b2c0000-7f742b47a000 r-xp 00000000 08:17 938731                     /lib/x86_64-linux-gnu/libc-2.19.so
7f742b47a000-7f742b679000 ---p 001ba000 08:17 938731                     /lib/x86_64-linux-gnu/libc-2.19.so
7f742b679000-7f742b67d000 r--p 001b9000 08:17 938731                     /lib/x86_64-linux-gnu/libc-2.19.so
7f742b67d000-7f742b67f000 rw-p 001bd000 08:17 938731                     /lib/x86_64-linux-gnu/libc-2.19.so
7f742b67f000-7f742b684000 rw-p 00000000 00:00 0 
7f742b684000-7f742b691000 r-xp 00000000 08:17 813298                     /usr/lib/jvm/java-7-openjdk-amd64/jre/lib/amd64/jli/libjli.so
7f742b691000-7f742b890000 ---p 0000d000 08:17 813298                     /usr/lib/jvm/java-7-openjdk-amd64/jre/lib/amd64/jli/libjli.so
7f742b890000-7f742b891000 r--p 0000c000 08:17 813298                     /usr/lib/jvm/java-7-openjdk-amd64/jre/lib/amd64/jli/libjli.so
7f742b891000-7f742b892000 rw-p 0000d000 08:17 813298                     /usr/lib/jvm/java-7-openjdk-amd64/jre/lib/amd64/jli/libjli.so
7f742b892000-7f742b8b5000 r-xp 00000000 08:17 938726                     /lib/x86_64-linux-gnu/ld-2.19.so
7f742b8b5000-7f742b8bc000 r--s 00049000 08:17 939820                     /home/will/git/Crisis/Backend/Scrape/lib/cglib-nodep-2.1_3.jar
7f742b8bc000-7f742b8c1000 r--s 00037000 08:17 939837                     /home/will/git/Crisis/Backend/Scrape/lib/bsh-1.3.0.jar
7f742b8c1000-7f742b8c8000 r--s 0004e000 08:17 939824                     /home/will/git/Crisis/Backend/Scrape/lib/apache-mime4j-0.6.jar
7f742b8c8000-7f742b8cd000 r--s 00068000 08:17 954476                     /home/will/git/Crisis/Backend/Scrape/lib/antlr-2.7.7.jar
7f742b8cd000-7f742b8d1000 r--s 00034000 08:17 813330                     /usr/lib/jvm/java-7-openjdk-amd64/jre/lib/ext/sunjce_provider.jar
7f742b8d1000-7f742b8d5000 r--s 0003c000 08:17 813326                     /usr/lib/jvm/java-7-openjdk-amd64/jre/lib/ext/sunpkcs11.jar
7f742b8d5000-7f742b8df000 rw-p 00000000 00:00 0 
7f742b8df000-7f742b995000 rw-p 00000000 00:00 0 
7f742b995000-7f742b998000 ---p 00000000 00:00 0 
7f742b998000-7f742ba9b000 rw-p 00000000 00:00 0 
7f742ba9b000-7f742ba9d000 r--s 0000c000 08:17 939840                     /home/will/git/Crisis/Backend/Scrape/lib/commons-exec-1.3.jar
7f742ba9d000-7f742ba9e000 r--s 00002000 08:17 813329                     /usr/lib/jvm/java-7-openjdk-amd64/jre/lib/ext/dnsns.jar
7f742ba9e000-7f742baa1000 r--s 00086000 08:17 813331                     /usr/lib/jvm/java-7-openjdk-amd64/jre/lib/ext/localedata.jar
7f742baa1000-7f742baa3000 r--s 00012000 08:17 813327                     /usr/lib/jvm/java-7-openjdk-amd64/jre/lib/ext/zipfs.jar
7f742baa3000-7f742baa5000 r--s 00006000 08:17 150585                     /usr/share/java/java-atk-wrapper.jar
7f742baa5000-7f742baa8000 r--s 0000f000 08:17 813328                     /usr/lib/jvm/java-7-openjdk-amd64/jre/lib/ext/icedtea-sound.jar
7f742baa8000-7f742bab0000 rw-s 00000000 08:17 541193                     /tmp/hsperfdata_will/12521
7f742bab0000-7f742bab1000 rw-p 00000000 00:00 0 
7f742bab1000-7f742bab2000 r--p 00000000 00:00 0 
7f742bab2000-7f742bab4000 rw-p 00000000 00:00 0 
7f742bab4000-7f742bab5000 r--p 00022000 08:17 938726                     /lib/x86_64-linux-gnu/ld-2.19.so
7f742bab5000-7f742bab6000 rw-p 00023000 08:17 938726                     /lib/x86_64-linux-gnu/ld-2.19.so
7f742bab6000-7f742bab7000 rw-p 00000000 00:00 0 
7fffbda39000-7fffbda5b000 rw-p 00000000 00:00 0                          [stack]
7fffbdbcf000-7fffbdbd1000 r-xp 00000000 00:00 0                          [vdso]
7fffbdbd1000-7fffbdbd3000 r--p 00000000 00:00 0                          [vvar]
ffffffffff600000-ffffffffff601000 r-xp 00000000 00:00 0                  [vsyscall]

VM Arguments:
jvm_args: -agentlib:jdwp=transport=dt_socket,suspend=y,address=localhost:58614 -Dfile.encoding=UTF-8 
java_command: com.backend.main.Main
Launcher Type: SUN_STANDARD

Environment Variables:
PATH=/usr/local/sbin:/usr/local/bin:/usr/sbin:/usr/bin:/sbin:/bin:/usr/games:/usr/local/games
SHELL=/bin/bash
DISPLAY=:0

Signal Handlers:
SIGSEGV: [libjvm.so+0x983740], sa_mask[0]=0x7ffbfeff, sa_flags=0x10000004
SIGBUS: [libjvm.so+0x983740], sa_mask[0]=0x7ffbfeff, sa_flags=0x10000004
SIGFPE: [libjvm.so+0x7f0180], sa_mask[0]=0x7ffbfeff, sa_flags=0x10000004
SIGPIPE: [libjvm.so+0x7f0180], sa_mask[0]=0x7ffbfeff, sa_flags=0x10000004
SIGXFSZ: [libjvm.so+0x7f0180], sa_mask[0]=0x7ffbfeff, sa_flags=0x10000004
SIGILL: [libjvm.so+0x7f0180], sa_mask[0]=0x7ffbfeff, sa_flags=0x10000004
SIGUSR1: SIG_DFL, sa_mask[0]=0x00000000, sa_flags=0x00000000
SIGUSR2: [libjvm.so+0x7f0000], sa_mask[0]=0x00000004, sa_flags=0x10000004
SIGHUP: [libjvm.so+0x7f0200], sa_mask[0]=0x7ffbfeff, sa_flags=0x10000004
SIGINT: [libjvm.so+0x7f0200], sa_mask[0]=0x7ffbfeff, sa_flags=0x10000004
SIGTERM: [libjvm.so+0x7f0200], sa_mask[0]=0x7ffbfeff, sa_flags=0x10000004
SIGQUIT: [libjvm.so+0x7f0200], sa_mask[0]=0x7ffbfeff, sa_flags=0x10000004
SIGTRAP: SIG_DFL, sa_mask[0]=0x00000000, sa_flags=0x00000000


---------------  S Y S T E M  ---------------

OS:Ubuntu 14.10 (utopic)
uname:Linux 3.16.0-44-generic #59-Ubuntu SMP Tue Jul 7 02:07:39 UTC 2015 x86_64
libc:glibc 2.19 NPTL 2.19 
rlimit: STACK 8192k, CORE 0k, NPROC 30578, NOFILE 4096, AS infinity
load average:0.48 0.56 0.53

/proc/meminfo:
MemTotal:        7850244 kB
MemFree:         2582984 kB
MemAvailable:    3962944 kB
Buffers:          153148 kB
Cached:          2261396 kB
SwapCached:            0 kB
Active:          3181096 kB
Inactive:        1844232 kB
Active(anon):    2613532 kB
Inactive(anon):   900744 kB
Active(file):     567564 kB
Inactive(file):   943488 kB
Unevictable:          16 kB
Mlocked:              16 kB
SwapTotal:       8056828 kB
SwapFree:        8056828 kB
Dirty:              2236 kB
Writeback:             0 kB
AnonPages:       2610800 kB
Mapped:           546976 kB
Shmem:            903496 kB
Slab:             113028 kB
SReclaimable:      75688 kB
SUnreclaim:        37340 kB
KernelStack:       10304 kB
PageTables:        39756 kB
NFS_Unstable:          0 kB
Bounce:                0 kB
WritebackTmp:          0 kB
CommitLimit:    11981948 kB
Committed_AS:    7523300 kB
VmallocTotal:   34359738367 kB
VmallocUsed:      427164 kB
VmallocChunk:   34359230624 kB
HardwareCorrupted:     0 kB
AnonHugePages:    792576 kB
HugePages_Total:       0
HugePages_Free:        0
HugePages_Rsvd:        0
HugePages_Surp:        0
Hugepagesize:       2048 kB
DirectMap4k:       85560 kB
DirectMap2M:     2729984 kB
DirectMap1G:     5242880 kB


CPU:total 4 (4 cores per cpu, 1 threads per core) family 6 model 60 stepping 3, cmov, cx8, fxsr, mmx, sse, sse2, sse3, ssse3, sse4.1, sse4.2, popcnt, avx, avx2, aes, erms, tsc, tscinvbit

/proc/cpuinfo:
processor	: 0
vendor_id	: GenuineIntel
cpu family	: 6
model		: 60
model name	: Intel(R) Core(TM) i5-4690K CPU @ 3.50GHz
stepping	: 3
microcode	: 0x9
cpu MHz		: 3820.195
cache size	: 6144 KB
physical id	: 0
siblings	: 4
core id		: 0
cpu cores	: 4
apicid		: 0
initial apicid	: 0
fpu		: yes
fpu_exception	: yes
cpuid level	: 13
wp		: yes
flags		: fpu vme de pse tsc msr pae mce cx8 apic sep mtrr pge mca cmov pat pse36 clflush dts acpi mmx fxsr sse sse2 ss ht tm pbe syscall nx pdpe1gb rdtscp lm constant_tsc arch_perfmon pebs bts rep_good nopl xtopology nonstop_tsc aperfmperf eagerfpu pni pclmulqdq dtes64 monitor ds_cpl vmx est tm2 ssse3 fma cx16 xtpr pdcm pcid sse4_1 sse4_2 x2apic movbe popcnt tsc_deadline_timer aes xsave avx f16c rdrand lahf_lm abm ida arat xsaveopt pln pts dtherm tpr_shadow vnmi flexpriority ept vpid fsgsbase tsc_adjust bmi1 hle avx2 smep bmi2 erms invpcid rtm
bogomips	: 6997.80
clflush size	: 64
cache_alignment	: 64
address sizes	: 39 bits physical, 48 bits virtual
power management:

processor	: 1
vendor_id	: GenuineIntel
cpu family	: 6
model		: 60
model name	: Intel(R) Core(TM) i5-4690K CPU @ 3.50GHz
stepping	: 3
microcode	: 0x9
cpu MHz		: 3784.921
cache size	: 6144 KB
physical id	: 0
siblings	: 4
core id		: 1
cpu cores	: 4
apicid		: 2
initial apicid	: 2
fpu		: yes
fpu_exception	: yes
cpuid level	: 13
wp		: yes
flags		: fpu vme de pse tsc msr pae mce cx8 apic sep mtrr pge mca cmov pat pse36 clflush dts acpi mmx fxsr sse sse2 ss ht tm pbe syscall nx pdpe1gb rdtscp lm constant_tsc arch_perfmon pebs bts rep_good nopl xtopology nonstop_tsc aperfmperf eagerfpu pni pclmulqdq dtes64 monitor ds_cpl vmx est tm2 ssse3 fma cx16 xtpr pdcm pcid sse4_1 sse4_2 x2apic movbe popcnt tsc_deadline_timer aes xsave avx f16c rdrand lahf_lm abm ida arat xsaveopt pln pts dtherm tpr_shadow vnmi flexpriority ept vpid fsgsbase tsc_adjust bmi1 hle avx2 smep bmi2 erms invpcid rtm
bogomips	: 6997.80
clflush size	: 64
cache_alignment	: 64
address sizes	: 39 bits physical, 48 bits virtual
power management:

processor	: 2
vendor_id	: GenuineIntel
cpu family	: 6
model		: 60
model name	: Intel(R) Core(TM) i5-4690K CPU @ 3.50GHz
stepping	: 3
microcode	: 0x9
cpu MHz		: 3778.906
cache size	: 6144 KB
physical id	: 0
siblings	: 4
core id		: 2
cpu cores	: 4
apicid		: 4
initial apicid	: 4
fpu		: yes
fpu_exception	: yes
cpuid level	: 13
wp		: yes
flags		: fpu vme de pse tsc msr pae mce cx8 apic sep mtrr pge mca cmov pat pse36 clflush dts acpi mmx fxsr sse sse2 ss ht tm pbe syscall nx pdpe1gb rdtscp lm constant_tsc arch_perfmon pebs bts rep_good nopl xtopology nonstop_tsc aperfmperf eagerfpu pni pclmulqdq dtes64 monitor ds_cpl vmx est tm2 ssse3 fma cx16 xtpr pdcm pcid sse4_1 sse4_2 x2apic movbe popcnt tsc_deadline_timer aes xsave avx f16c rdrand lahf_lm abm ida arat xsaveopt pln pts dtherm tpr_shadow vnmi flexpriority ept vpid fsgsbase tsc_adjust bmi1 hle avx2 smep bmi2 erms invpcid rtm
bogomips	: 6997.80
clflush size	: 64
cache_alignment	: 64
address sizes	: 39 bits physical, 48 bits virtual
power management:

processor	: 3
vendor_id	: GenuineIntel
cpu family	: 6
model		: 60
model name	: Intel(R) Core(TM) i5-4690K CPU @ 3.50GHz
stepping	: 3
microcode	: 0x9
cpu MHz		: 3810.214
cache size	: 6144 KB
physical id	: 0
siblings	: 4
core id		: 3
cpu cores	: 4
apicid		: 6
initial apicid	: 6
fpu		: yes
fpu_exception	: yes
cpuid level	: 13
wp		: yes
flags		: fpu vme de pse tsc msr pae mce cx8 apic sep mtrr pge mca cmov pat pse36 clflush dts acpi mmx fxsr sse sse2 ss ht tm pbe syscall nx pdpe1gb rdtscp lm constant_tsc arch_perfmon pebs bts rep_good nopl xtopology nonstop_tsc aperfmperf eagerfpu pni pclmulqdq dtes64 monitor ds_cpl vmx est tm2 ssse3 fma cx16 xtpr pdcm pcid sse4_1 sse4_2 x2apic movbe popcnt tsc_deadline_timer aes xsave avx f16c rdrand lahf_lm abm ida arat xsaveopt pln pts dtherm tpr_shadow vnmi flexpriority ept vpid fsgsbase tsc_adjust bmi1 hle avx2 smep bmi2 erms invpcid rtm
bogomips	: 6997.80
clflush size	: 64
cache_alignment	: 64
address sizes	: 39 bits physical, 48 bits virtual
power management:



Memory: 4k page, physical 7850244k(2582984k free), swap 8056828k(8056828k free)

vm_info: OpenJDK 64-Bit Server VM (24.79-b02) for linux-amd64 JRE (1.7.0_79-b14), built on Apr 16 2015 08:25:58 by "buildd" with gcc 4.9.1

time: Sat Oct 17 02:26:40 2015
elapsed time: 29 seconds

